
The directory of the generated products: <  Tool Path + Products  >


clean_products_folder:
     [echo] This is an Ant Task created to clean the generated products folder.

 Two directories have been deleted:  < Tool Path + Products > and < pluginpath + emma + instr >
Walk through this directory and get all files: /home/jefferson/workspace/pairs/motivating_source2//src
Walk through this directory and get all files: /home/jefferson/workspace/pairs/motivating_source2EVO//src



		Let's put the products in cache.


Build the SOURCE Feature Model Alloy file:
source Set OF Features: 

SOURCE Features: 

Feature: bluetooth

Feature: connection

Feature: multiplayer

Feature: game

Feature: internet

Feature: startup

SOURCE FM Semantics: pred semanticasource[] { 
isTrue[game] and ( isTrue[startup] => isTrue[game] ) and ( isTrue[multiplayer] => isTrue[game] ) and ( isTrue[internet] => isTrue[game] ) and ( isTrue[connection] => isTrue[game] ) and ( isTrue[bluetooth] => isTrue[game] )
 }

 Alloy File has been created. Check it out in < Tool Path + Alloy + Alloy File >


Build the TARGET Feature Model Alloy file:
target Set OF Features: 

TARGET Features: 

Feature: bluetooth

Feature: connection

Feature: multiplayer

Feature: game

Feature: internet

Feature: startup

TARGET FM Semantics: pred semanticatarget[] { 
isTrue[game] and ( isTrue[startup] => isTrue[game] ) and ( isTrue[multiplayer] => isTrue[game] ) and ( isTrue[internet] => isTrue[game] ) and ( isTrue[connection] => isTrue[game] ) and ( isTrue[bluetooth] => isTrue[game] )
 }

 Alloy File has been created. Check it out in < Tool Path + Alloy + Alloy File >


Build the EVOLUTION Alloy file:

 Alloy File has been created. Check it out in < Tool Path + Alloy + Alloy File >


		The products are already in cache.

Build the SOURCE Feature Model Alloy file:
source Set OF Features: 

SOURCE Features: 

Feature: bluetooth

Feature: connection

Feature: multiplayer

Feature: game

Feature: internet

Feature: startup

SOURCE FM Semantics: pred semanticasource[] { 
isTrue[game] and ( isTrue[startup] => isTrue[game] ) and ( isTrue[multiplayer] => isTrue[game] ) and ( isTrue[internet] => isTrue[game] ) and ( isTrue[connection] => isTrue[game] ) and ( isTrue[bluetooth] => isTrue[game] )
 }

 Alloy File has been created. Check it out in < Tool Path + Alloy + Alloy File >


Build the TARGET Feature Model Alloy file:
target Set OF Features: 

TARGET Features: 

Feature: bluetooth

Feature: connection

Feature: multiplayer

Feature: game

Feature: internet

Feature: startup

TARGET FM Semantics: pred semanticatarget[] { 
isTrue[game] and ( isTrue[startup] => isTrue[game] ) and ( isTrue[multiplayer] => isTrue[game] ) and ( isTrue[internet] => isTrue[game] ) and ( isTrue[connection] => isTrue[game] ) and ( isTrue[bluetooth] => isTrue[game] )
 }

 Alloy File has been created. Check it out in < Tool Path + Alloy + Alloy File >


Build the SOURCE Configuration Knowledge Alloy file:

Class Content:
package pack;

public class Game {
	private Internet internet;
	public Game() {
		this.internet = new Internet();
	}
	public int getInternetLimit(int x){
		if (x>0){
			return this.internet.limit(x);	
		}else{
			return -5000;
		}
	}
	
	public static void main(String[] args){
		Game game = new Game();
		System.out.println(game.getInternetLimit(10));
	}
}

Parametros para o SOOT -> Classe:Game path:/home/jefferson/workspace/pairs/motivating_source2/src/pack

Provided Class: Game Dependence: Internet

Provided Class: Game Its Dependencies: Internet - constant Required: Internet

Provided Class: Game Dependence: package pack;


Class Name: Game, src/pack/Game.java

 Provided Classes:  [ Game ] 

 Required Classes:  [ Internet ] 

Class Content:
package pack;

public class Startup {
	private Internet internet;
	public Startup() {
		this.internet = new Internet();
	}
}

Parametros para o SOOT -> Classe:Startup path:/home/jefferson/workspace/pairs/motivating_source2/src/pack

Provided Class: Startup Dependence: Internet

Provided Class: Startup Its Dependencies: Internet - constant Required: Internet

Provided Class: Startup Dependence: package pack;


Class Name: Startup, src/pack/Startup.java

 Provided Classes:  [ Startup ] 

 Required Classes:  [ Internet ] 

Class Content:
package pack;

public class Internet extends Multiplayer{
	private Connection f;
	
	public Internet() {
		this.f = new Connection();
	}
	
	public int limit(int i) {
		if(i>0){
			return 10;
		}else {
			return -10;
		}
	}
	public int test(int i) {
		return limit(i);
	}

}

Parametros para o SOOT -> Classe:Internet path:/home/jefferson/workspace/pairs/motivating_source2/src/pack

Provided Class: Internet Dependence: Multiplayer

Provided Class: Internet Its Dependencies: Multiplayer - constant Required: Multiplayer

Provided Class: Internet Dependence: Connection

Provided Class: Internet Its Dependencies: Connection - constant Required: Connection

Provided Class: Internet Dependence: package pack;


Class Name: Internet, src/pack/Internet.java

 Provided Classes:  [ Internet ] 

 Required Classes:  [ Multiplayer ]  [ Connection ] 

Class Content:
package pack;

public class Multiplayer {

}

Parametros para o SOOT -> Classe:Multiplayer path:/home/jefferson/workspace/pairs/motivating_source2/src/pack

Provided Class: Multiplayer Dependence: package pack;


Class Name: Multiplayer, src/pack/Multiplayer.java

 Provided Classes:  [ Multiplayer ] 

 Required Classes: 

Class Content:
package pack;

public class Connection {
	
	public int limit(int i) {
		return 20;
	}

}

Parametros para o SOOT -> Classe:Connection path:/home/jefferson/workspace/pairs/motivating_source2/src/pack

Provided Class: Connection Dependence: package pack;


Class Name: Connection, src/pack/Connection.java

 Provided Classes:  [ Connection ] 

 Required Classes: 

Class Content:
package pack;

public class Startup {
	private Internet internet;
	public Startup() {
		this.internet = new Internet();
	}
}

Parametros para o SOOT -> Classe:Startup path:/home/jefferson/workspace/pairs/motivating_source2/src/pack

Provided Class: Startup Dependence: Internet

Provided Class: Startup Its Dependencies: Internet - constant Required: Internet

Provided Class: Startup Dependence: package pack;


Class Name: Startup, src/pack/Startup.java

 Provided Classes:  [ Startup ] 

 Required Classes:  [ Internet ] 

Class Content:
package pack;

public class Internet extends Multiplayer{
	private Connection f;
	
	public Internet() {
		this.f = new Connection();
	}
	
	public int limit(int i) {
		if(i>0){
			return 10;
		}else {
			return -10;
		}
	}
	public int test(int i) {
		return limit(i);
	}

}

Parametros para o SOOT -> Classe:Internet path:/home/jefferson/workspace/pairs/motivating_source2/src/pack

Provided Class: Internet Dependence: Multiplayer

Provided Class: Internet Its Dependencies: Multiplayer - constant Required: Multiplayer

Provided Class: Internet Dependence: Connection

Provided Class: Internet Its Dependencies: Connection - constant Required: Connection

Provided Class: Internet Dependence: package pack;


Class Name: Internet, src/pack/Internet.java

 Provided Classes:  [ Internet ] 

 Required Classes:  [ Multiplayer ]  [ Connection ] 

Class Content:
package pack;

public class Multiplayer {

}

Parametros para o SOOT -> Classe:Multiplayer path:/home/jefferson/workspace/pairs/motivating_source2/src/pack

Provided Class: Multiplayer Dependence: package pack;


Class Name: Multiplayer, src/pack/Multiplayer.java

 Provided Classes:  [ Multiplayer ] 

 Required Classes: 

Class Content:
package pack;

public class Connection {
	
	public int limit(int i) {
		return 20;
	}

}

Parametros para o SOOT -> Classe:Connection path:/home/jefferson/workspace/pairs/motivating_source2/src/pack

Provided Class: Connection Dependence: package pack;


Class Name: Connection, src/pack/Connection.java

 Provided Classes:  [ Connection ] 

 Required Classes: 

Class Content:
package pack;

public class Multiplayer {

}

Parametros para o SOOT -> Classe:Multiplayer path:/home/jefferson/workspace/pairs/motivating_source2/src/pack

Provided Class: Multiplayer Dependence: package pack;


Class Name: Multiplayer, src/pack/Multiplayer.java

 Provided Classes:  [ Multiplayer ] 

 Required Classes: 

Class Content:
package pack;

public class Internet extends Multiplayer{
	private Connection f;
	
	public Internet() {
		this.f = new Connection();
	}
	
	public int limit(int i) {
		if(i>0){
			return 10;
		}else {
			return -10;
		}
	}
	public int test(int i) {
		return limit(i);
	}

}

Parametros para o SOOT -> Classe:Internet path:/home/jefferson/workspace/pairs/motivating_source2/src/pack

Provided Class: Internet Dependence: Multiplayer

Provided Class: Internet Its Dependencies: Multiplayer - constant Required: Multiplayer

Provided Class: Internet Dependence: Connection

Provided Class: Internet Its Dependencies: Connection - constant Required: Connection

Provided Class: Internet Dependence: package pack;


Class Name: Internet, src/pack/Internet.java

 Provided Classes:  [ Internet ] 

 Required Classes:  [ Multiplayer ]  [ Connection ] 

Class Content:
package pack;

public class Multiplayer {

}

Parametros para o SOOT -> Classe:Multiplayer path:/home/jefferson/workspace/pairs/motivating_source2/src/pack

Provided Class: Multiplayer Dependence: package pack;


Class Name: Multiplayer, src/pack/Multiplayer.java

 Provided Classes:  [ Multiplayer ] 

 Required Classes: 

Class Content:
package pack;

public class Connection {
	
	public int limit(int i) {
		return 20;
	}

}

Parametros para o SOOT -> Classe:Connection path:/home/jefferson/workspace/pairs/motivating_source2/src/pack

Provided Class: Connection Dependence: package pack;


Class Name: Connection, src/pack/Connection.java

 Provided Classes:  [ Connection ] 

 Required Classes: 

Class Content:
package pack;

public class Connection {
	
	public int limit(int i) {
		return 20;
	}

}

Parametros para o SOOT -> Classe:Connection path:/home/jefferson/workspace/pairs/motivating_source2/src/pack

Provided Class: Connection Dependence: package pack;


Class Name: Connection, src/pack/Connection.java

 Provided Classes:  [ Connection ] 

 Required Classes: 

Class Content:
package pack;

public class Bluetooth {

}

Parametros para o SOOT -> Classe:Bluetooth path:/home/jefferson/workspace/pairs/motivating_source2/src/pack

Provided Class: Bluetooth Dependence: package pack;


Class Name: Bluetooth, src/pack/Bluetooth.java

 Provided Classes:  [ Bluetooth ] 

 Required Classes: 

source Configuration Knowledge Items:
Feature Expression: game
Provided: {Connection=src/pack/Connection.java}
Required: []

Feature Expression: connection
Provided: {Connection=src/pack/Connection.java}
Required: []

Feature Expression: internet
Provided: {Internet=src/pack/Internet.java}
Required: [Multiplayer, Connection]

Feature Expression: internet
Provided: {Connection=src/pack/Connection.java}
Required: []

Feature Expression: game
Provided: {Multiplayer=src/pack/Multiplayer.java}
Required: []

Feature Expression: game
Provided: {Internet=src/pack/Internet.java}
Required: [Multiplayer, Connection]

Feature Expression: startup
Provided: {Multiplayer=src/pack/Multiplayer.java}
Required: []

Feature Expression: game
Provided: {Game=src/pack/Game.java}
Required: [Internet]

Feature Expression: bluetooth
Provided: {Bluetooth=src/pack/Bluetooth.java}
Required: []

Feature Expression: startup
Provided: {Startup=src/pack/Startup.java}
Required: [Internet]

Feature Expression: game
Provided: {Startup=src/pack/Startup.java}
Required: [Internet]

Feature Expression: internet
Provided: {Multiplayer=src/pack/Multiplayer.java}
Required: []

Feature Expression: multiplayer
Provided: {Multiplayer=src/pack/Multiplayer.java}
Required: []

Feature Expression: startup
Provided: {Internet=src/pack/Internet.java}
Required: [Multiplayer, Connection]

Feature Expression: startup
Provided: {Connection=src/pack/Connection.java}
Required: []


Alloy File Content: open default
 pred provided[] { 
( isTrue[game] => (isTrue[Connection]) )
( isTrue[connection] => (isTrue[Connection]) )
( isTrue[internet] => (isTrue[Internet]) )
( isTrue[internet] => (isTrue[Connection]) )
( isTrue[game] => (isTrue[Multiplayer]) )
( isTrue[game] => (isTrue[Internet]) )
( isTrue[startup] => (isTrue[Multiplayer]) )
( isTrue[game] => (isTrue[Game]) )
( isTrue[bluetooth] => (isTrue[Bluetooth]) )
( isTrue[startup] => (isTrue[Startup]) )
( isTrue[game] => (isTrue[Startup]) )
( isTrue[internet] => (isTrue[Multiplayer]) )
( isTrue[multiplayer] => (isTrue[Multiplayer]) )
( isTrue[startup] => (isTrue[Internet]) )
( isTrue[startup] => (isTrue[Connection]) )
 }

 pred required[] { 
( isTrue[internet] => (isTrue[Multiplayer] and isTrue[Connection]) )
( isTrue[game] => (isTrue[Multiplayer] and isTrue[Connection]) )
( isTrue[game] => (isTrue[Internet]) )
( isTrue[startup] => (isTrue[Internet]) )
( isTrue[game] => (isTrue[Internet]) )
( isTrue[startup] => (isTrue[Multiplayer] and isTrue[Connection]) )
 }

 pred semanticaCK[] { provided[] => required[] }


Correct Set of Features:

Feature: bluetooth

Feature: connection

Feature: multiplayer

Feature: game

Feature: internet

Feature: startup

Including CK Signatures in Correct Set

Signature: bluetooth

Signature: connection

Signature: Bluetooth

Signature: Startup

Signature: Game

Signature: multiplayer

Signature: Multiplayer

Signature: game

Signature: startup

Signature: internet

Signature: Connection

Signature: Internet

Correct Ser Filled:

Correct Item: connection

Correct Item: bluetooth

Correct Item: Bluetooth

Correct Item: Game

Correct Item: Startup

Correct Item: Multiplayer

Correct Item: multiplayer

Correct Item: game

Correct Item: Connection

Correct Item: startup

Correct Item: internet

Correct Item: Internet

Create Alloy CK File:
File Name: /home/jefferson/workspace/ferramentaLPSSM/Alloy/sourceCKAlloy.als
Content: module sourceCKAlloy
open default
 pred provided[] { 
( isTrue[game] => (isTrue[Connection]) )
( isTrue[connection] => (isTrue[Connection]) )
( isTrue[internet] => (isTrue[Internet]) )
( isTrue[internet] => (isTrue[Connection]) )
( isTrue[game] => (isTrue[Multiplayer]) )
( isTrue[game] => (isTrue[Internet]) )
( isTrue[startup] => (isTrue[Multiplayer]) )
( isTrue[game] => (isTrue[Game]) )
( isTrue[bluetooth] => (isTrue[Bluetooth]) )
( isTrue[startup] => (isTrue[Startup]) )
( isTrue[game] => (isTrue[Startup]) )
( isTrue[internet] => (isTrue[Multiplayer]) )
( isTrue[multiplayer] => (isTrue[Multiplayer]) )
( isTrue[startup] => (isTrue[Internet]) )
( isTrue[startup] => (isTrue[Connection]) )
 }

 pred required[] { 
( isTrue[internet] => (isTrue[Multiplayer] and isTrue[Connection]) )
( isTrue[game] => (isTrue[Multiplayer] and isTrue[Connection]) )
( isTrue[game] => (isTrue[Internet]) )
( isTrue[startup] => (isTrue[Internet]) )
( isTrue[game] => (isTrue[Internet]) )
( isTrue[startup] => (isTrue[Multiplayer] and isTrue[Connection]) )
 }

 pred semanticaCK[] { provided[] => required[] }
one sig connection, bluetooth, Bluetooth, Game, Startup, Multiplayer, multiplayer, game, Connection, startup, internet, Internet in Bool{}

pred semanticasource[] { 
isTrue[game] and ( isTrue[startup] => isTrue[game] ) and ( isTrue[multiplayer] => isTrue[game] ) and ( isTrue[internet] => isTrue[game] ) and ( isTrue[connection] => isTrue[game] ) and ( isTrue[bluetooth] => isTrue[game] )
 }
assert WT {semanticasource[] => semanticaCK[]}
check WT for 2

Build the TARGET Configuration Knowledge Alloy file:

Class Content:
package pack;

public class Game {
	private Internet internet;
	public Game() {
		this.internet = new Internet();
	}
	public int getInternetLimit(int x){
		if (x>0){
			return this.internet.limit(x);	
		}else{
			return -5000;
		}
	}
	
	public static void main(String[] args){
		Game game = new Game();
		System.out.println(game.getInternetLimit(10));
	}
}

Parametros para o SOOT -> Classe:Game path:/home/jefferson/workspace/pairs/motivating_source2EVO/src/pack

Provided Class: Game Dependence: Internet

Provided Class: Game Its Dependencies: Internet - constant Required: Internet

Provided Class: Game Dependence: package pack;


Class Name: Game, src/pack/Game.java

 Provided Classes:  [ Game ] 

 Required Classes:  [ Internet ] 

Class Content:
package pack;

public class Startup {
	private Internet internet;
	public Startup() {
		this.internet = new Internet();
	}
}

Parametros para o SOOT -> Classe:Startup path:/home/jefferson/workspace/pairs/motivating_source2EVO/src/pack

Provided Class: Startup Dependence: Internet

Provided Class: Startup Its Dependencies: Internet - constant Required: Internet

Provided Class: Startup Dependence: package pack;


Class Name: Startup, src/pack/Startup.java

 Provided Classes:  [ Startup ] 

 Required Classes:  [ Internet ] 

Class Content:
package pack;

public class Internet extends Multiplayer{
	private Connection f;
	
	public Internet() {
		this.f = new Connection();
	}
	
	public int limit(int i) {
		return 10;
	}
	public int test(int i) {
		return limit(i);
	}

}

Parametros para o SOOT -> Classe:Internet path:/home/jefferson/workspace/pairs/motivating_source2EVO/src/pack

Provided Class: Internet Dependence: Multiplayer

Provided Class: Internet Its Dependencies: Multiplayer - constant Required: Multiplayer

Provided Class: Internet Dependence: Connection

Provided Class: Internet Its Dependencies: Connection - constant Required: Connection

Provided Class: Internet Dependence: package pack;


Class Name: Internet, src/pack/Internet.java

 Provided Classes:  [ Internet ] 

 Required Classes:  [ Multiplayer ]  [ Connection ] 

Class Content:
package pack;

public class Multiplayer {

}

Parametros para o SOOT -> Classe:Multiplayer path:/home/jefferson/workspace/pairs/motivating_source2EVO/src/pack

Provided Class: Multiplayer Dependence: package pack;


Class Name: Multiplayer, src/pack/Multiplayer.java

 Provided Classes:  [ Multiplayer ] 

 Required Classes: 

Class Content:
package pack;

public class Connection {
	
	public int limit(int i) {
		return 20;
	}

}

Parametros para o SOOT -> Classe:Connection path:/home/jefferson/workspace/pairs/motivating_source2EVO/src/pack

Provided Class: Connection Dependence: package pack;


Class Name: Connection, src/pack/Connection.java

 Provided Classes:  [ Connection ] 

 Required Classes: 

Class Content:
package pack;

public class Startup {
	private Internet internet;
	public Startup() {
		this.internet = new Internet();
	}
}

Parametros para o SOOT -> Classe:Startup path:/home/jefferson/workspace/pairs/motivating_source2EVO/src/pack

Provided Class: Startup Dependence: Internet

Provided Class: Startup Its Dependencies: Internet - constant Required: Internet

Provided Class: Startup Dependence: package pack;


Class Name: Startup, src/pack/Startup.java

 Provided Classes:  [ Startup ] 

 Required Classes:  [ Internet ] 

Class Content:
package pack;

public class Internet extends Multiplayer{
	private Connection f;
	
	public Internet() {
		this.f = new Connection();
	}
	
	public int limit(int i) {
		return 10;
	}
	public int test(int i) {
		return limit(i);
	}

}

Parametros para o SOOT -> Classe:Internet path:/home/jefferson/workspace/pairs/motivating_source2EVO/src/pack

Provided Class: Internet Dependence: Multiplayer

Provided Class: Internet Its Dependencies: Multiplayer - constant Required: Multiplayer

Provided Class: Internet Dependence: Connection

Provided Class: Internet Its Dependencies: Connection - constant Required: Connection

Provided Class: Internet Dependence: package pack;


Class Name: Internet, src/pack/Internet.java

 Provided Classes:  [ Internet ] 

 Required Classes:  [ Multiplayer ]  [ Connection ] 

Class Content:
package pack;

public class Multiplayer {

}

Parametros para o SOOT -> Classe:Multiplayer path:/home/jefferson/workspace/pairs/motivating_source2EVO/src/pack

Provided Class: Multiplayer Dependence: package pack;


Class Name: Multiplayer, src/pack/Multiplayer.java

 Provided Classes:  [ Multiplayer ] 

 Required Classes: 

Class Content:
package pack;

public class Connection {
	
	public int limit(int i) {
		return 20;
	}

}

Parametros para o SOOT -> Classe:Connection path:/home/jefferson/workspace/pairs/motivating_source2EVO/src/pack

Provided Class: Connection Dependence: package pack;


Class Name: Connection, src/pack/Connection.java

 Provided Classes:  [ Connection ] 

 Required Classes: 

Class Content:
package pack;

public class Multiplayer {

}

Parametros para o SOOT -> Classe:Multiplayer path:/home/jefferson/workspace/pairs/motivating_source2EVO/src/pack

Provided Class: Multiplayer Dependence: package pack;


Class Name: Multiplayer, src/pack/Multiplayer.java

 Provided Classes:  [ Multiplayer ] 

 Required Classes: 

Class Content:
package pack;

public class Internet extends Multiplayer{
	private Connection f;
	
	public Internet() {
		this.f = new Connection();
	}
	
	public int limit(int i) {
		return 10;
	}
	public int test(int i) {
		return limit(i);
	}

}

Parametros para o SOOT -> Classe:Internet path:/home/jefferson/workspace/pairs/motivating_source2EVO/src/pack

Provided Class: Internet Dependence: Multiplayer

Provided Class: Internet Its Dependencies: Multiplayer - constant Required: Multiplayer

Provided Class: Internet Dependence: Connection

Provided Class: Internet Its Dependencies: Connection - constant Required: Connection

Provided Class: Internet Dependence: package pack;


Class Name: Internet, src/pack/Internet.java

 Provided Classes:  [ Internet ] 

 Required Classes:  [ Multiplayer ]  [ Connection ] 

Class Content:
package pack;

public class Multiplayer {

}

Parametros para o SOOT -> Classe:Multiplayer path:/home/jefferson/workspace/pairs/motivating_source2EVO/src/pack

Provided Class: Multiplayer Dependence: package pack;


Class Name: Multiplayer, src/pack/Multiplayer.java

 Provided Classes:  [ Multiplayer ] 

 Required Classes: 

Class Content:
package pack;

public class Connection {
	
	public int limit(int i) {
		return 20;
	}

}

Parametros para o SOOT -> Classe:Connection path:/home/jefferson/workspace/pairs/motivating_source2EVO/src/pack

Provided Class: Connection Dependence: package pack;


Class Name: Connection, src/pack/Connection.java

 Provided Classes:  [ Connection ] 

 Required Classes: 

Class Content:
package pack;

public class Connection {
	
	public int limit(int i) {
		return 20;
	}

}

Parametros para o SOOT -> Classe:Connection path:/home/jefferson/workspace/pairs/motivating_source2EVO/src/pack

Provided Class: Connection Dependence: package pack;


Class Name: Connection, src/pack/Connection.java

 Provided Classes:  [ Connection ] 

 Required Classes: 

Class Content:
package pack;

public class Bluetooth {

}

Parametros para o SOOT -> Classe:Bluetooth path:/home/jefferson/workspace/pairs/motivating_source2EVO/src/pack

Provided Class: Bluetooth Dependence: package pack;


Class Name: Bluetooth, src/pack/Bluetooth.java

 Provided Classes:  [ Bluetooth ] 

 Required Classes: 

target Configuration Knowledge Items:
Feature Expression: game
Provided: {Connection=src/pack/Connection.java}
Required: []

Feature Expression: connection
Provided: {Connection=src/pack/Connection.java}
Required: []

Feature Expression: internet
Provided: {Internet=src/pack/Internet.java}
Required: [Multiplayer, Connection]

Feature Expression: internet
Provided: {Connection=src/pack/Connection.java}
Required: []

Feature Expression: game
Provided: {Multiplayer=src/pack/Multiplayer.java}
Required: []

Feature Expression: game
Provided: {Internet=src/pack/Internet.java}
Required: [Multiplayer, Connection]

Feature Expression: startup
Provided: {Multiplayer=src/pack/Multiplayer.java}
Required: []

Feature Expression: game
Provided: {Game=src/pack/Game.java}
Required: [Internet]

Feature Expression: bluetooth
Provided: {Bluetooth=src/pack/Bluetooth.java}
Required: []

Feature Expression: startup
Provided: {Startup=src/pack/Startup.java}
Required: [Internet]

Feature Expression: game
Provided: {Startup=src/pack/Startup.java}
Required: [Internet]

Feature Expression: internet
Provided: {Multiplayer=src/pack/Multiplayer.java}
Required: []

Feature Expression: multiplayer
Provided: {Multiplayer=src/pack/Multiplayer.java}
Required: []

Feature Expression: startup
Provided: {Internet=src/pack/Internet.java}
Required: [Multiplayer, Connection]

Feature Expression: startup
Provided: {Connection=src/pack/Connection.java}
Required: []


Alloy File Content: open default
 pred provided[] { 
( isTrue[game] => (isTrue[Connection]) )
( isTrue[connection] => (isTrue[Connection]) )
( isTrue[internet] => (isTrue[Internet]) )
( isTrue[internet] => (isTrue[Connection]) )
( isTrue[game] => (isTrue[Multiplayer]) )
( isTrue[game] => (isTrue[Internet]) )
( isTrue[startup] => (isTrue[Multiplayer]) )
( isTrue[game] => (isTrue[Game]) )
( isTrue[bluetooth] => (isTrue[Bluetooth]) )
( isTrue[startup] => (isTrue[Startup]) )
( isTrue[game] => (isTrue[Startup]) )
( isTrue[internet] => (isTrue[Multiplayer]) )
( isTrue[multiplayer] => (isTrue[Multiplayer]) )
( isTrue[startup] => (isTrue[Internet]) )
( isTrue[startup] => (isTrue[Connection]) )
 }

 pred required[] { 
( isTrue[internet] => (isTrue[Multiplayer] and isTrue[Connection]) )
( isTrue[game] => (isTrue[Multiplayer] and isTrue[Connection]) )
( isTrue[game] => (isTrue[Internet]) )
( isTrue[startup] => (isTrue[Internet]) )
( isTrue[game] => (isTrue[Internet]) )
( isTrue[startup] => (isTrue[Multiplayer] and isTrue[Connection]) )
 }

 pred semanticaCK[] { provided[] => required[] }


Correct Set of Features:

Feature: bluetooth

Feature: connection

Feature: multiplayer

Feature: game

Feature: internet

Feature: startup

Including CK Signatures in Correct Set

Signature: bluetooth

Signature: connection

Signature: Bluetooth

Signature: Startup

Signature: Game

Signature: multiplayer

Signature: Multiplayer

Signature: game

Signature: startup

Signature: internet

Signature: Connection

Signature: Internet

Correct Ser Filled:

Correct Item: connection

Correct Item: bluetooth

Correct Item: Bluetooth

Correct Item: Game

Correct Item: Startup

Correct Item: Multiplayer

Correct Item: multiplayer

Correct Item: game

Correct Item: Connection

Correct Item: startup

Correct Item: internet

Correct Item: Internet

Create Alloy CK File:
File Name: /home/jefferson/workspace/ferramentaLPSSM/Alloy/targetCKAlloy.als
Content: module targetCKAlloy
open default
 pred provided[] { 
( isTrue[game] => (isTrue[Connection]) )
( isTrue[connection] => (isTrue[Connection]) )
( isTrue[internet] => (isTrue[Internet]) )
( isTrue[internet] => (isTrue[Connection]) )
( isTrue[game] => (isTrue[Multiplayer]) )
( isTrue[game] => (isTrue[Internet]) )
( isTrue[startup] => (isTrue[Multiplayer]) )
( isTrue[game] => (isTrue[Game]) )
( isTrue[bluetooth] => (isTrue[Bluetooth]) )
( isTrue[startup] => (isTrue[Startup]) )
( isTrue[game] => (isTrue[Startup]) )
( isTrue[internet] => (isTrue[Multiplayer]) )
( isTrue[multiplayer] => (isTrue[Multiplayer]) )
( isTrue[startup] => (isTrue[Internet]) )
( isTrue[startup] => (isTrue[Connection]) )
 }

 pred required[] { 
( isTrue[internet] => (isTrue[Multiplayer] and isTrue[Connection]) )
( isTrue[game] => (isTrue[Multiplayer] and isTrue[Connection]) )
( isTrue[game] => (isTrue[Internet]) )
( isTrue[startup] => (isTrue[Internet]) )
( isTrue[game] => (isTrue[Internet]) )
( isTrue[startup] => (isTrue[Multiplayer] and isTrue[Connection]) )
 }

 pred semanticaCK[] { provided[] => required[] }
one sig connection, bluetooth, Bluetooth, Game, Startup, Multiplayer, multiplayer, game, Connection, startup, internet, Internet in Bool{}

pred semanticatarget[] { 
isTrue[game] and ( isTrue[startup] => isTrue[game] ) and ( isTrue[multiplayer] => isTrue[game] ) and ( isTrue[internet] => isTrue[game] ) and ( isTrue[connection] => isTrue[game] ) and ( isTrue[bluetooth] => isTrue[game] )
 }
assert WT {semanticatarget[] => semanticaCK[]}
check WT for 2


		The beginning of the safe composition test to the source SPL


Features: < 6 >
 [ bluetooth ]  [ connection ]  [ multiplayer ]  [ game ]  [ internet ]  [ startup ] 

Checking CK ... 

FileContent: module sourceCKAlloy
open default
 pred provided[] { 
( isTrue[game] => (isTrue[Connection]) )
( isTrue[connection] => (isTrue[Connection]) )
( isTrue[internet] => (isTrue[Internet]) )
( isTrue[internet] => (isTrue[Connection]) )
( isTrue[game] => (isTrue[Multiplayer]) )
( isTrue[game] => (isTrue[Internet]) )
( isTrue[startup] => (isTrue[Multiplayer]) )
( isTrue[game] => (isTrue[Game]) )
( isTrue[bluetooth] => (isTrue[Bluetooth]) )
( isTrue[startup] => (isTrue[Startup]) )
( isTrue[game] => (isTrue[Startup]) )
( isTrue[internet] => (isTrue[Multiplayer]) )
( isTrue[multiplayer] => (isTrue[Multiplayer]) )
( isTrue[startup] => (isTrue[Internet]) )
( isTrue[startup] => (isTrue[Connection]) )
 }

 pred required[] { 
( isTrue[internet] => (isTrue[Multiplayer] and isTrue[Connection]) )
( isTrue[game] => (isTrue[Multiplayer] and isTrue[Connection]) )
( isTrue[game] => (isTrue[Internet]) )
( isTrue[startup] => (isTrue[Internet]) )
( isTrue[game] => (isTrue[Internet]) )
( isTrue[startup] => (isTrue[Multiplayer] and isTrue[Connection]) )
 }

 pred semanticaCK[] { provided[] => required[] }
one sig connection, bluetooth, Bluetooth, Game, Startup, Multiplayer, multiplayer, game, Connection, startup, internet, Internet in Bool{}

pred semanticasource[] { 
isTrue[game] and ( isTrue[startup] => isTrue[game] ) and ( isTrue[multiplayer] => isTrue[game] ) and ( isTrue[internet] => isTrue[game] ) and ( isTrue[connection] => isTrue[game] ) and ( isTrue[bluetooth] => isTrue[game] )
 }
assert WT {semanticasource[] => semanticaCK[]}
check WT for 2


Content: module sourceCKAlloy
open default
 pred provided[] { 
( isTrue[game] => (isTrue[Connection]) )
( isTrue[connection] => (isTrue[Connection]) )
( isTrue[internet] => (isTrue[Internet]) )
( isTrue[internet] => (isTrue[Connection]) )
( isTrue[game] => (isTrue[Multiplayer]) )
( isTrue[game] => (isTrue[Internet]) )
( isTrue[startup] => (isTrue[Multiplayer]) )
( isTrue[game] => (isTrue[Game]) )
( isTrue[bluetooth] => (isTrue[Bluetooth]) )
( isTrue[startup] => (isTrue[Startup]) )
( isTrue[game] => (isTrue[Startup]) )
( isTrue[internet] => (isTrue[Multiplayer]) )
( isTrue[multiplayer] => (isTrue[Multiplayer]) )
( isTrue[startup] => (isTrue[Internet]) )
( isTrue[startup] => (isTrue[Connection]) )
 }

 pred required[] { 
( isTrue[internet] => (isTrue[Multiplayer] and isTrue[Connection]) )
( isTrue[game] => (isTrue[Multiplayer] and isTrue[Connection]) )
( isTrue[game] => (isTrue[Internet]) )
( isTrue[startup] => (isTrue[Internet]) )
( isTrue[game] => (isTrue[Internet]) )
( isTrue[startup] => (isTrue[Multiplayer] and isTrue[Connection]) )
 }

 pred semanticaCK[] { provided[] => required[] }
one sig connection, bluetooth, Bluetooth, Game, Startup, Multiplayer, multiplayer, game, Connection, startup, internet, Internet in Bool{}

pred semanticasource[] { 
isTrue[game] and ( isTrue[startup] => isTrue[game] ) and ( isTrue[multiplayer] => isTrue[game] ) and ( isTrue[internet] => isTrue[game] ) and ( isTrue[connection] => isTrue[game] ) and ( isTrue[bluetooth] => isTrue[game] )
 }
assert WT {semanticasource[] => semanticaCK[]}
check WT for 2

world get All Commands SIZE: 1
Command: Check WT for 2

ans:
 ---OUTCOME---
Unsatisfiable.


		End of Safe Composition test to the + source SPL

Well Formedness to the <Source> SPL: true


		The beginning of the safe composition test to the target SPL


Features: < 6 >
 [ bluetooth ]  [ connection ]  [ multiplayer ]  [ game ]  [ internet ]  [ startup ] 

Checking CK ... 

FileContent: module targetCKAlloy
open default
 pred provided[] { 
( isTrue[game] => (isTrue[Connection]) )
( isTrue[connection] => (isTrue[Connection]) )
( isTrue[internet] => (isTrue[Internet]) )
( isTrue[internet] => (isTrue[Connection]) )
( isTrue[game] => (isTrue[Multiplayer]) )
( isTrue[game] => (isTrue[Internet]) )
( isTrue[startup] => (isTrue[Multiplayer]) )
( isTrue[game] => (isTrue[Game]) )
( isTrue[bluetooth] => (isTrue[Bluetooth]) )
( isTrue[startup] => (isTrue[Startup]) )
( isTrue[game] => (isTrue[Startup]) )
( isTrue[internet] => (isTrue[Multiplayer]) )
( isTrue[multiplayer] => (isTrue[Multiplayer]) )
( isTrue[startup] => (isTrue[Internet]) )
( isTrue[startup] => (isTrue[Connection]) )
 }

 pred required[] { 
( isTrue[internet] => (isTrue[Multiplayer] and isTrue[Connection]) )
( isTrue[game] => (isTrue[Multiplayer] and isTrue[Connection]) )
( isTrue[game] => (isTrue[Internet]) )
( isTrue[startup] => (isTrue[Internet]) )
( isTrue[game] => (isTrue[Internet]) )
( isTrue[startup] => (isTrue[Multiplayer] and isTrue[Connection]) )
 }

 pred semanticaCK[] { provided[] => required[] }
one sig connection, bluetooth, Bluetooth, Game, Startup, Multiplayer, multiplayer, game, Connection, startup, internet, Internet in Bool{}

pred semanticatarget[] { 
isTrue[game] and ( isTrue[startup] => isTrue[game] ) and ( isTrue[multiplayer] => isTrue[game] ) and ( isTrue[internet] => isTrue[game] ) and ( isTrue[connection] => isTrue[game] ) and ( isTrue[bluetooth] => isTrue[game] )
 }
assert WT {semanticatarget[] => semanticaCK[]}
check WT for 2


Content: module targetCKAlloy
open default
 pred provided[] { 
( isTrue[game] => (isTrue[Connection]) )
( isTrue[connection] => (isTrue[Connection]) )
( isTrue[internet] => (isTrue[Internet]) )
( isTrue[internet] => (isTrue[Connection]) )
( isTrue[game] => (isTrue[Multiplayer]) )
( isTrue[game] => (isTrue[Internet]) )
( isTrue[startup] => (isTrue[Multiplayer]) )
( isTrue[game] => (isTrue[Game]) )
( isTrue[bluetooth] => (isTrue[Bluetooth]) )
( isTrue[startup] => (isTrue[Startup]) )
( isTrue[game] => (isTrue[Startup]) )
( isTrue[internet] => (isTrue[Multiplayer]) )
( isTrue[multiplayer] => (isTrue[Multiplayer]) )
( isTrue[startup] => (isTrue[Internet]) )
( isTrue[startup] => (isTrue[Connection]) )
 }

 pred required[] { 
( isTrue[internet] => (isTrue[Multiplayer] and isTrue[Connection]) )
( isTrue[game] => (isTrue[Multiplayer] and isTrue[Connection]) )
( isTrue[game] => (isTrue[Internet]) )
( isTrue[startup] => (isTrue[Internet]) )
( isTrue[game] => (isTrue[Internet]) )
( isTrue[startup] => (isTrue[Multiplayer] and isTrue[Connection]) )
 }

 pred semanticaCK[] { provided[] => required[] }
one sig connection, bluetooth, Bluetooth, Game, Startup, Multiplayer, multiplayer, game, Connection, startup, internet, Internet in Bool{}

pred semanticatarget[] { 
isTrue[game] and ( isTrue[startup] => isTrue[game] ) and ( isTrue[multiplayer] => isTrue[game] ) and ( isTrue[internet] => isTrue[game] ) and ( isTrue[connection] => isTrue[game] ) and ( isTrue[bluetooth] => isTrue[game] )
 }
assert WT {semanticatarget[] => semanticaCK[]}
check WT for 2

world get All Commands SIZE: 1
Command: Check WT for 2

ans:
 ---OUTCOME---
Unsatisfiable.


		End of Safe Composition test to the + target SPL

Well Formedness to the <Target> SPL.: true

# SOURCE Products List<32> #

1 -> [ multiplayer ] [ game ] [ startup ] [ internet ] 

2 -> [ connection ] [ multiplayer ] [ game ] [ startup ] 

3 -> [ connection ] [ bluetooth ] [ multiplayer ] [ game ] [ startup ] 

4 -> [ connection ] [ game ] [ internet ] 

5 -> [ connection ] [ multiplayer ] [ game ] [ startup ] [ internet ] 

6 -> [ connection ] [ bluetooth ] [ multiplayer ] [ game ] 

7 -> [ bluetooth ] [ multiplayer ] [ game ] [ startup ] [ internet ] 

8 -> [ bluetooth ] [ multiplayer ] [ game ] [ internet ] 

9 -> [ connection ] [ bluetooth ] [ multiplayer ] [ game ] [ startup ] [ internet ] 

10 -> [ connection ] [ bluetooth ] [ game ] [ startup ] [ internet ] 

11 -> [ multiplayer ] [ game ] [ internet ] 

12 -> [ game ] [ internet ] 

13 -> [ connection ] [ bluetooth ] [ game ] 

14 -> [ connection ] [ game ] [ startup ] 

15 -> [ connection ] [ bluetooth ] [ game ] [ startup ] 

16 -> [ connection ] [ multiplayer ] [ game ] 

17 -> [ connection ] [ game ] [ startup ] [ internet ] 

18 -> [ game ] 

19 -> [ multiplayer ] [ game ] 

20 -> [ connection ] [ bluetooth ] [ multiplayer ] [ game ] [ internet ] 

21 -> [ bluetooth ] [ game ] [ startup ] 

22 -> [ multiplayer ] [ game ] [ startup ] 

23 -> [ bluetooth ] [ game ] [ startup ] [ internet ] 

24 -> [ connection ] [ game ] 

25 -> [ game ] [ startup ] 

26 -> [ connection ] [ multiplayer ] [ game ] [ internet ] 

27 -> [ game ] [ startup ] [ internet ] 

28 -> [ bluetooth ] [ multiplayer ] [ game ] [ startup ] 

29 -> [ bluetooth ] [ game ] 

30 -> [ connection ] [ bluetooth ] [ game ] [ internet ] 

31 -> [ bluetooth ] [ multiplayer ] [ game ] 

32 -> [ bluetooth ] [ game ] [ internet ] 

# TARGET Products List<32> #

1 -> [ multiplayer ] [ game ] [ startup ] [ internet ] 

2 -> [ connection ] [ multiplayer ] [ game ] [ startup ] 

3 -> [ connection ] [ bluetooth ] [ multiplayer ] [ game ] [ startup ] 

4 -> [ connection ] [ game ] [ internet ] 

5 -> [ connection ] [ multiplayer ] [ game ] [ startup ] [ internet ] 

6 -> [ connection ] [ bluetooth ] [ multiplayer ] [ game ] 

7 -> [ bluetooth ] [ multiplayer ] [ game ] [ startup ] [ internet ] 

8 -> [ bluetooth ] [ multiplayer ] [ game ] [ internet ] 

9 -> [ connection ] [ bluetooth ] [ multiplayer ] [ game ] [ startup ] [ internet ] 

10 -> [ connection ] [ bluetooth ] [ game ] [ startup ] [ internet ] 

11 -> [ multiplayer ] [ game ] [ internet ] 

12 -> [ game ] [ internet ] 

13 -> [ connection ] [ bluetooth ] [ game ] 

14 -> [ connection ] [ game ] [ startup ] 

15 -> [ connection ] [ bluetooth ] [ game ] [ startup ] 

16 -> [ connection ] [ multiplayer ] [ game ] 

17 -> [ connection ] [ game ] [ startup ] [ internet ] 

18 -> [ game ] 

19 -> [ multiplayer ] [ game ] 

20 -> [ connection ] [ bluetooth ] [ multiplayer ] [ game ] [ internet ] 

21 -> [ bluetooth ] [ game ] [ startup ] 

22 -> [ multiplayer ] [ game ] [ startup ] 

23 -> [ bluetooth ] [ game ] [ startup ] [ internet ] 

24 -> [ connection ] [ game ] 

25 -> [ game ] [ startup ] 

26 -> [ connection ] [ multiplayer ] [ game ] [ internet ] 

27 -> [ game ] [ startup ] [ internet ] 

28 -> [ bluetooth ] [ multiplayer ] [ game ] [ startup ] 

29 -> [ bluetooth ] [ game ] 

30 -> [ connection ] [ bluetooth ] [ game ] [ internet ] 

31 -> [ bluetooth ] [ multiplayer ] [ game ] 

32 -> [ bluetooth ] [ game ] [ internet ] 

Product 0 ::  [ multiplayer ] [ game ] [ startup ] [ internet ]

 [ Connection ] - src/pack/Connection.java

 [ Internet ] - src/pack/Internet.java

 [ Connection ] - src/pack/Connection.java

 [ Multiplayer ] - src/pack/Multiplayer.java

 [ Internet ] - src/pack/Internet.java

 [ Multiplayer ] - src/pack/Multiplayer.java

 [ Game ] - src/pack/Game.java

 [ Startup ] - src/pack/Startup.java

 [ Startup ] - src/pack/Startup.java

 [ Multiplayer ] - src/pack/Multiplayer.java

 [ Multiplayer ] - src/pack/Multiplayer.java

 [ Internet ] - src/pack/Internet.java

 [ Connection ] - src/pack/Connection.java
constante destino esta vazio: false


	Correspondent Product

Product 1 ::  [ multiplayer ] [ game ] [ startup ] [ internet ]

 [ Connection ] - src/pack/Connection.java

 [ Internet ] - src/pack/Internet.java

 [ Connection ] - src/pack/Connection.java

 [ Multiplayer ] - src/pack/Multiplayer.java

 [ Internet ] - src/pack/Internet.java

 [ Multiplayer ] - src/pack/Multiplayer.java

 [ Game ] - src/pack/Game.java

 [ Startup ] - src/pack/Startup.java

 [ Startup ] - src/pack/Startup.java

 [ Multiplayer ] - src/pack/Multiplayer.java

 [ Multiplayer ] - src/pack/Multiplayer.java

 [ Internet ] - src/pack/Internet.java

 [ Connection ] - src/pack/Connection.java
constante destino esta vazio: false


	SOURCE Mapping Asset DESTINY:

 key 0: Startup content: src/pack/Startup.java
 key 1: Game content: src/pack/Game.java
 key 2: Multiplayer content: src/pack/Multiplayer.java
 key 3: Connection content: src/pack/Connection.java
 key 4: Internet content: src/pack/Internet.java

	TARGET Mapping Asset DESTINY:

 key 0: Startup content: src/pack/Startup.java
 key 1: Game content: src/pack/Game.java
 key 2: Multiplayer content: src/pack/Multiplayer.java
 key 3: Connection content: src/pack/Connection.java
 key 4: Internet content: src/pack/Internet.java


	SOURCE Mapping Asset ORGIGEM:

 key 0: Game content: /src/pack/Game.java
 key 1: Startup content: /src/pack/Startup.java
 key 2: Multiplayer content: /src/pack/Multiplayer.java
 key 3: Connection content: /src/pack/Connection.java
 key 4: Internet content: /src/pack/Internet.java


	TARGET Mapping Asset ORGIGEM:

 key 0: Game content: /src/pack/Game.java
 key 1: Startup content: /src/pack/Startup.java
 key 2: Multiplayer content: /src/pack/Multiplayer.java
 key 3: Connection content: /src/pack/Connection.java
 key 4: Internet content: /src/pack/Internet.java


	SOURCE PREPROCESS TAGS:



	 TARGET PREPROCESS TAGS:




mappingAssetDestiny: true mappingAssetOrigin: true preProcess: true

Product 2 ::  [ connection ] [ multiplayer ] [ game ] [ startup ]

 [ Connection ] - src/pack/Connection.java

 [ Connection ] - src/pack/Connection.java

 [ Multiplayer ] - src/pack/Multiplayer.java

 [ Internet ] - src/pack/Internet.java

 [ Multiplayer ] - src/pack/Multiplayer.java

 [ Game ] - src/pack/Game.java

 [ Startup ] - src/pack/Startup.java

 [ Startup ] - src/pack/Startup.java

 [ Multiplayer ] - src/pack/Multiplayer.java

 [ Internet ] - src/pack/Internet.java

 [ Connection ] - src/pack/Connection.java
constante destino esta vazio: false


	Correspondent Product

Product 3 ::  [ connection ] [ multiplayer ] [ game ] [ startup ]

 [ Connection ] - src/pack/Connection.java

 [ Connection ] - src/pack/Connection.java

 [ Multiplayer ] - src/pack/Multiplayer.java

 [ Internet ] - src/pack/Internet.java

 [ Multiplayer ] - src/pack/Multiplayer.java

 [ Game ] - src/pack/Game.java

 [ Startup ] - src/pack/Startup.java

 [ Startup ] - src/pack/Startup.java

 [ Multiplayer ] - src/pack/Multiplayer.java

 [ Internet ] - src/pack/Internet.java

 [ Connection ] - src/pack/Connection.java
constante destino esta vazio: false


	SOURCE Mapping Asset DESTINY:

 key 0: Startup content: src/pack/Startup.java
 key 1: Game content: src/pack/Game.java
 key 2: Multiplayer content: src/pack/Multiplayer.java
 key 3: Connection content: src/pack/Connection.java
 key 4: Internet content: src/pack/Internet.java

	TARGET Mapping Asset DESTINY:

 key 0: Startup content: src/pack/Startup.java
 key 1: Game content: src/pack/Game.java
 key 2: Multiplayer content: src/pack/Multiplayer.java
 key 3: Connection content: src/pack/Connection.java
 key 4: Internet content: src/pack/Internet.java


	SOURCE Mapping Asset ORGIGEM:

 key 0: Game content: /src/pack/Game.java
 key 1: Startup content: /src/pack/Startup.java
 key 2: Multiplayer content: /src/pack/Multiplayer.java
 key 3: Connection content: /src/pack/Connection.java
 key 4: Internet content: /src/pack/Internet.java


	TARGET Mapping Asset ORGIGEM:

 key 0: Game content: /src/pack/Game.java
 key 1: Startup content: /src/pack/Startup.java
 key 2: Multiplayer content: /src/pack/Multiplayer.java
 key 3: Connection content: /src/pack/Connection.java
 key 4: Internet content: /src/pack/Internet.java


	SOURCE PREPROCESS TAGS:



	 TARGET PREPROCESS TAGS:




mappingAssetDestiny: true mappingAssetOrigin: true preProcess: true

Product 4 ::  [ connection ] [ bluetooth ] [ multiplayer ] [ game ] [ startup ]

 [ Connection ] - src/pack/Connection.java

 [ Connection ] - src/pack/Connection.java

 [ Multiplayer ] - src/pack/Multiplayer.java

 [ Internet ] - src/pack/Internet.java

 [ Multiplayer ] - src/pack/Multiplayer.java

 [ Game ] - src/pack/Game.java

 [ Bluetooth ] - src/pack/Bluetooth.java

 [ Startup ] - src/pack/Startup.java

 [ Startup ] - src/pack/Startup.java

 [ Multiplayer ] - src/pack/Multiplayer.java

 [ Internet ] - src/pack/Internet.java

 [ Connection ] - src/pack/Connection.java
constante destino esta vazio: false


	Correspondent Product

Product 5 ::  [ connection ] [ bluetooth ] [ multiplayer ] [ game ] [ startup ]

 [ Connection ] - src/pack/Connection.java

 [ Connection ] - src/pack/Connection.java

 [ Multiplayer ] - src/pack/Multiplayer.java

 [ Internet ] - src/pack/Internet.java

 [ Multiplayer ] - src/pack/Multiplayer.java

 [ Game ] - src/pack/Game.java

 [ Bluetooth ] - src/pack/Bluetooth.java

 [ Startup ] - src/pack/Startup.java

 [ Startup ] - src/pack/Startup.java

 [ Multiplayer ] - src/pack/Multiplayer.java

 [ Internet ] - src/pack/Internet.java

 [ Connection ] - src/pack/Connection.java
constante destino esta vazio: false


	SOURCE Mapping Asset DESTINY:

 key 0: Bluetooth content: src/pack/Bluetooth.java
 key 1: Startup content: src/pack/Startup.java
 key 2: Game content: src/pack/Game.java
 key 3: Multiplayer content: src/pack/Multiplayer.java
 key 4: Connection content: src/pack/Connection.java
 key 5: Internet content: src/pack/Internet.java

	TARGET Mapping Asset DESTINY:

 key 0: Bluetooth content: src/pack/Bluetooth.java
 key 1: Startup content: src/pack/Startup.java
 key 2: Game content: src/pack/Game.java
 key 3: Multiplayer content: src/pack/Multiplayer.java
 key 4: Connection content: src/pack/Connection.java
 key 5: Internet content: src/pack/Internet.java


	SOURCE Mapping Asset ORGIGEM:

 key 0: Bluetooth content: /src/pack/Bluetooth.java
 key 1: Game content: /src/pack/Game.java
 key 2: Startup content: /src/pack/Startup.java
 key 3: Multiplayer content: /src/pack/Multiplayer.java
 key 4: Connection content: /src/pack/Connection.java
 key 5: Internet content: /src/pack/Internet.java


	TARGET Mapping Asset ORGIGEM:

 key 0: Bluetooth content: /src/pack/Bluetooth.java
 key 1: Game content: /src/pack/Game.java
 key 2: Startup content: /src/pack/Startup.java
 key 3: Multiplayer content: /src/pack/Multiplayer.java
 key 4: Connection content: /src/pack/Connection.java
 key 5: Internet content: /src/pack/Internet.java


	SOURCE PREPROCESS TAGS:



	 TARGET PREPROCESS TAGS:




mappingAssetDestiny: true mappingAssetOrigin: true preProcess: true

Product 6 ::  [ connection ] [ game ] [ internet ]

 [ Connection ] - src/pack/Connection.java

 [ Connection ] - src/pack/Connection.java

 [ Internet ] - src/pack/Internet.java

 [ Connection ] - src/pack/Connection.java

 [ Multiplayer ] - src/pack/Multiplayer.java

 [ Internet ] - src/pack/Internet.java

 [ Game ] - src/pack/Game.java

 [ Startup ] - src/pack/Startup.java

 [ Multiplayer ] - src/pack/Multiplayer.java
constante destino esta vazio: false


	Correspondent Product

Product 7 ::  [ connection ] [ game ] [ internet ]

 [ Connection ] - src/pack/Connection.java

 [ Connection ] - src/pack/Connection.java

 [ Internet ] - src/pack/Internet.java

 [ Connection ] - src/pack/Connection.java

 [ Multiplayer ] - src/pack/Multiplayer.java

 [ Internet ] - src/pack/Internet.java

 [ Game ] - src/pack/Game.java

 [ Startup ] - src/pack/Startup.java

 [ Multiplayer ] - src/pack/Multiplayer.java
constante destino esta vazio: false


	SOURCE Mapping Asset DESTINY:

 key 0: Startup content: src/pack/Startup.java
 key 1: Game content: src/pack/Game.java
 key 2: Multiplayer content: src/pack/Multiplayer.java
 key 3: Connection content: src/pack/Connection.java
 key 4: Internet content: src/pack/Internet.java

	TARGET Mapping Asset DESTINY:

 key 0: Startup content: src/pack/Startup.java
 key 1: Game content: src/pack/Game.java
 key 2: Multiplayer content: src/pack/Multiplayer.java
 key 3: Connection content: src/pack/Connection.java
 key 4: Internet content: src/pack/Internet.java


	SOURCE Mapping Asset ORGIGEM:

 key 0: Game content: /src/pack/Game.java
 key 1: Startup content: /src/pack/Startup.java
 key 2: Multiplayer content: /src/pack/Multiplayer.java
 key 3: Connection content: /src/pack/Connection.java
 key 4: Internet content: /src/pack/Internet.java


	TARGET Mapping Asset ORGIGEM:

 key 0: Game content: /src/pack/Game.java
 key 1: Startup content: /src/pack/Startup.java
 key 2: Multiplayer content: /src/pack/Multiplayer.java
 key 3: Connection content: /src/pack/Connection.java
 key 4: Internet content: /src/pack/Internet.java


	SOURCE PREPROCESS TAGS:



	 TARGET PREPROCESS TAGS:




mappingAssetDestiny: true mappingAssetOrigin: true preProcess: true

Product 8 ::  [ connection ] [ multiplayer ] [ game ] [ startup ] [ internet ]

 [ Connection ] - src/pack/Connection.java

 [ Connection ] - src/pack/Connection.java

 [ Internet ] - src/pack/Internet.java

 [ Connection ] - src/pack/Connection.java

 [ Multiplayer ] - src/pack/Multiplayer.java

 [ Internet ] - src/pack/Internet.java

 [ Multiplayer ] - src/pack/Multiplayer.java

 [ Game ] - src/pack/Game.java

 [ Startup ] - src/pack/Startup.java

 [ Startup ] - src/pack/Startup.java

 [ Multiplayer ] - src/pack/Multiplayer.java

 [ Multiplayer ] - src/pack/Multiplayer.java

 [ Internet ] - src/pack/Internet.java

 [ Connection ] - src/pack/Connection.java
constante destino esta vazio: false


	Correspondent Product

Product 9 ::  [ connection ] [ multiplayer ] [ game ] [ startup ] [ internet ]

 [ Connection ] - src/pack/Connection.java

 [ Connection ] - src/pack/Connection.java

 [ Internet ] - src/pack/Internet.java

 [ Connection ] - src/pack/Connection.java

 [ Multiplayer ] - src/pack/Multiplayer.java

 [ Internet ] - src/pack/Internet.java

 [ Multiplayer ] - src/pack/Multiplayer.java

 [ Game ] - src/pack/Game.java

 [ Startup ] - src/pack/Startup.java

 [ Startup ] - src/pack/Startup.java

 [ Multiplayer ] - src/pack/Multiplayer.java

 [ Multiplayer ] - src/pack/Multiplayer.java

 [ Internet ] - src/pack/Internet.java

 [ Connection ] - src/pack/Connection.java
constante destino esta vazio: false


	SOURCE Mapping Asset DESTINY:

 key 0: Startup content: src/pack/Startup.java
 key 1: Game content: src/pack/Game.java
 key 2: Multiplayer content: src/pack/Multiplayer.java
 key 3: Connection content: src/pack/Connection.java
 key 4: Internet content: src/pack/Internet.java

	TARGET Mapping Asset DESTINY:

 key 0: Startup content: src/pack/Startup.java
 key 1: Game content: src/pack/Game.java
 key 2: Multiplayer content: src/pack/Multiplayer.java
 key 3: Connection content: src/pack/Connection.java
 key 4: Internet content: src/pack/Internet.java


	SOURCE Mapping Asset ORGIGEM:

 key 0: Game content: /src/pack/Game.java
 key 1: Startup content: /src/pack/Startup.java
 key 2: Multiplayer content: /src/pack/Multiplayer.java
 key 3: Connection content: /src/pack/Connection.java
 key 4: Internet content: /src/pack/Internet.java


	TARGET Mapping Asset ORGIGEM:

 key 0: Game content: /src/pack/Game.java
 key 1: Startup content: /src/pack/Startup.java
 key 2: Multiplayer content: /src/pack/Multiplayer.java
 key 3: Connection content: /src/pack/Connection.java
 key 4: Internet content: /src/pack/Internet.java


	SOURCE PREPROCESS TAGS:



	 TARGET PREPROCESS TAGS:




mappingAssetDestiny: true mappingAssetOrigin: true preProcess: true

Product 10 ::  [ connection ] [ bluetooth ] [ multiplayer ] [ game ]

 [ Connection ] - src/pack/Connection.java

 [ Connection ] - src/pack/Connection.java

 [ Multiplayer ] - src/pack/Multiplayer.java

 [ Internet ] - src/pack/Internet.java

 [ Game ] - src/pack/Game.java

 [ Bluetooth ] - src/pack/Bluetooth.java

 [ Startup ] - src/pack/Startup.java

 [ Multiplayer ] - src/pack/Multiplayer.java
constante destino esta vazio: false


	Correspondent Product

Product 11 ::  [ connection ] [ bluetooth ] [ multiplayer ] [ game ]

 [ Connection ] - src/pack/Connection.java

 [ Connection ] - src/pack/Connection.java

 [ Multiplayer ] - src/pack/Multiplayer.java

 [ Internet ] - src/pack/Internet.java

 [ Game ] - src/pack/Game.java

 [ Bluetooth ] - src/pack/Bluetooth.java

 [ Startup ] - src/pack/Startup.java

 [ Multiplayer ] - src/pack/Multiplayer.java
constante destino esta vazio: false


	SOURCE Mapping Asset DESTINY:

 key 0: Bluetooth content: src/pack/Bluetooth.java
 key 1: Startup content: src/pack/Startup.java
 key 2: Game content: src/pack/Game.java
 key 3: Multiplayer content: src/pack/Multiplayer.java
 key 4: Connection content: src/pack/Connection.java
 key 5: Internet content: src/pack/Internet.java

	TARGET Mapping Asset DESTINY:

 key 0: Bluetooth content: src/pack/Bluetooth.java
 key 1: Startup content: src/pack/Startup.java
 key 2: Game content: src/pack/Game.java
 key 3: Multiplayer content: src/pack/Multiplayer.java
 key 4: Connection content: src/pack/Connection.java
 key 5: Internet content: src/pack/Internet.java


	SOURCE Mapping Asset ORGIGEM:

 key 0: Bluetooth content: /src/pack/Bluetooth.java
 key 1: Game content: /src/pack/Game.java
 key 2: Startup content: /src/pack/Startup.java
 key 3: Multiplayer content: /src/pack/Multiplayer.java
 key 4: Connection content: /src/pack/Connection.java
 key 5: Internet content: /src/pack/Internet.java


	TARGET Mapping Asset ORGIGEM:

 key 0: Bluetooth content: /src/pack/Bluetooth.java
 key 1: Game content: /src/pack/Game.java
 key 2: Startup content: /src/pack/Startup.java
 key 3: Multiplayer content: /src/pack/Multiplayer.java
 key 4: Connection content: /src/pack/Connection.java
 key 5: Internet content: /src/pack/Internet.java


	SOURCE PREPROCESS TAGS:



	 TARGET PREPROCESS TAGS:




mappingAssetDestiny: true mappingAssetOrigin: true preProcess: true

Product 12 ::  [ bluetooth ] [ multiplayer ] [ game ] [ startup ] [ internet ]

 [ Connection ] - src/pack/Connection.java

 [ Internet ] - src/pack/Internet.java

 [ Connection ] - src/pack/Connection.java

 [ Multiplayer ] - src/pack/Multiplayer.java

 [ Internet ] - src/pack/Internet.java

 [ Multiplayer ] - src/pack/Multiplayer.java

 [ Game ] - src/pack/Game.java

 [ Bluetooth ] - src/pack/Bluetooth.java

 [ Startup ] - src/pack/Startup.java

 [ Startup ] - src/pack/Startup.java

 [ Multiplayer ] - src/pack/Multiplayer.java

 [ Multiplayer ] - src/pack/Multiplayer.java

 [ Internet ] - src/pack/Internet.java

 [ Connection ] - src/pack/Connection.java
constante destino esta vazio: false


	Correspondent Product

Product 13 ::  [ bluetooth ] [ multiplayer ] [ game ] [ startup ] [ internet ]

 [ Connection ] - src/pack/Connection.java

 [ Internet ] - src/pack/Internet.java

 [ Connection ] - src/pack/Connection.java

 [ Multiplayer ] - src/pack/Multiplayer.java

 [ Internet ] - src/pack/Internet.java

 [ Multiplayer ] - src/pack/Multiplayer.java

 [ Game ] - src/pack/Game.java

 [ Bluetooth ] - src/pack/Bluetooth.java

 [ Startup ] - src/pack/Startup.java

 [ Startup ] - src/pack/Startup.java

 [ Multiplayer ] - src/pack/Multiplayer.java

 [ Multiplayer ] - src/pack/Multiplayer.java

 [ Internet ] - src/pack/Internet.java

 [ Connection ] - src/pack/Connection.java
constante destino esta vazio: false


	SOURCE Mapping Asset DESTINY:

 key 0: Bluetooth content: src/pack/Bluetooth.java
 key 1: Startup content: src/pack/Startup.java
 key 2: Game content: src/pack/Game.java
 key 3: Multiplayer content: src/pack/Multiplayer.java
 key 4: Connection content: src/pack/Connection.java
 key 5: Internet content: src/pack/Internet.java

	TARGET Mapping Asset DESTINY:

 key 0: Bluetooth content: src/pack/Bluetooth.java
 key 1: Startup content: src/pack/Startup.java
 key 2: Game content: src/pack/Game.java
 key 3: Multiplayer content: src/pack/Multiplayer.java
 key 4: Connection content: src/pack/Connection.java
 key 5: Internet content: src/pack/Internet.java


	SOURCE Mapping Asset ORGIGEM:

 key 0: Bluetooth content: /src/pack/Bluetooth.java
 key 1: Game content: /src/pack/Game.java
 key 2: Startup content: /src/pack/Startup.java
 key 3: Multiplayer content: /src/pack/Multiplayer.java
 key 4: Connection content: /src/pack/Connection.java
 key 5: Internet content: /src/pack/Internet.java


	TARGET Mapping Asset ORGIGEM:

 key 0: Bluetooth content: /src/pack/Bluetooth.java
 key 1: Game content: /src/pack/Game.java
 key 2: Startup content: /src/pack/Startup.java
 key 3: Multiplayer content: /src/pack/Multiplayer.java
 key 4: Connection content: /src/pack/Connection.java
 key 5: Internet content: /src/pack/Internet.java


	SOURCE PREPROCESS TAGS:



	 TARGET PREPROCESS TAGS:




mappingAssetDestiny: true mappingAssetOrigin: true preProcess: true

Product 14 ::  [ bluetooth ] [ multiplayer ] [ game ] [ internet ]

 [ Connection ] - src/pack/Connection.java

 [ Internet ] - src/pack/Internet.java

 [ Connection ] - src/pack/Connection.java

 [ Multiplayer ] - src/pack/Multiplayer.java

 [ Internet ] - src/pack/Internet.java

 [ Game ] - src/pack/Game.java

 [ Bluetooth ] - src/pack/Bluetooth.java

 [ Startup ] - src/pack/Startup.java

 [ Multiplayer ] - src/pack/Multiplayer.java

 [ Multiplayer ] - src/pack/Multiplayer.java
constante destino esta vazio: false


	Correspondent Product

Product 15 ::  [ bluetooth ] [ multiplayer ] [ game ] [ internet ]

 [ Connection ] - src/pack/Connection.java

 [ Internet ] - src/pack/Internet.java

 [ Connection ] - src/pack/Connection.java

 [ Multiplayer ] - src/pack/Multiplayer.java

 [ Internet ] - src/pack/Internet.java

 [ Game ] - src/pack/Game.java

 [ Bluetooth ] - src/pack/Bluetooth.java

 [ Startup ] - src/pack/Startup.java

 [ Multiplayer ] - src/pack/Multiplayer.java

 [ Multiplayer ] - src/pack/Multiplayer.java
constante destino esta vazio: false


	SOURCE Mapping Asset DESTINY:

 key 0: Bluetooth content: src/pack/Bluetooth.java
 key 1: Startup content: src/pack/Startup.java
 key 2: Game content: src/pack/Game.java
 key 3: Multiplayer content: src/pack/Multiplayer.java
 key 4: Connection content: src/pack/Connection.java
 key 5: Internet content: src/pack/Internet.java

	TARGET Mapping Asset DESTINY:

 key 0: Bluetooth content: src/pack/Bluetooth.java
 key 1: Startup content: src/pack/Startup.java
 key 2: Game content: src/pack/Game.java
 key 3: Multiplayer content: src/pack/Multiplayer.java
 key 4: Connection content: src/pack/Connection.java
 key 5: Internet content: src/pack/Internet.java


	SOURCE Mapping Asset ORGIGEM:

 key 0: Bluetooth content: /src/pack/Bluetooth.java
 key 1: Game content: /src/pack/Game.java
 key 2: Startup content: /src/pack/Startup.java
 key 3: Multiplayer content: /src/pack/Multiplayer.java
 key 4: Connection content: /src/pack/Connection.java
 key 5: Internet content: /src/pack/Internet.java


	TARGET Mapping Asset ORGIGEM:

 key 0: Bluetooth content: /src/pack/Bluetooth.java
 key 1: Game content: /src/pack/Game.java
 key 2: Startup content: /src/pack/Startup.java
 key 3: Multiplayer content: /src/pack/Multiplayer.java
 key 4: Connection content: /src/pack/Connection.java
 key 5: Internet content: /src/pack/Internet.java


	SOURCE PREPROCESS TAGS:



	 TARGET PREPROCESS TAGS:




mappingAssetDestiny: true mappingAssetOrigin: true preProcess: true

Product 16 ::  [ connection ] [ bluetooth ] [ multiplayer ] [ game ] [ startup ] [ internet ]

 [ Connection ] - src/pack/Connection.java

 [ Connection ] - src/pack/Connection.java

 [ Internet ] - src/pack/Internet.java

 [ Connection ] - src/pack/Connection.java

 [ Multiplayer ] - src/pack/Multiplayer.java

 [ Internet ] - src/pack/Internet.java

 [ Multiplayer ] - src/pack/Multiplayer.java

 [ Game ] - src/pack/Game.java

 [ Bluetooth ] - src/pack/Bluetooth.java

 [ Startup ] - src/pack/Startup.java

 [ Startup ] - src/pack/Startup.java

 [ Multiplayer ] - src/pack/Multiplayer.java

 [ Multiplayer ] - src/pack/Multiplayer.java

 [ Internet ] - src/pack/Internet.java

 [ Connection ] - src/pack/Connection.java
constante destino esta vazio: false


	Correspondent Product

Product 17 ::  [ connection ] [ bluetooth ] [ multiplayer ] [ game ] [ startup ] [ internet ]

 [ Connection ] - src/pack/Connection.java

 [ Connection ] - src/pack/Connection.java

 [ Internet ] - src/pack/Internet.java

 [ Connection ] - src/pack/Connection.java

 [ Multiplayer ] - src/pack/Multiplayer.java

 [ Internet ] - src/pack/Internet.java

 [ Multiplayer ] - src/pack/Multiplayer.java

 [ Game ] - src/pack/Game.java

 [ Bluetooth ] - src/pack/Bluetooth.java

 [ Startup ] - src/pack/Startup.java

 [ Startup ] - src/pack/Startup.java

 [ Multiplayer ] - src/pack/Multiplayer.java

 [ Multiplayer ] - src/pack/Multiplayer.java

 [ Internet ] - src/pack/Internet.java

 [ Connection ] - src/pack/Connection.java
constante destino esta vazio: false


	SOURCE Mapping Asset DESTINY:

 key 0: Bluetooth content: src/pack/Bluetooth.java
 key 1: Startup content: src/pack/Startup.java
 key 2: Game content: src/pack/Game.java
 key 3: Multiplayer content: src/pack/Multiplayer.java
 key 4: Connection content: src/pack/Connection.java
 key 5: Internet content: src/pack/Internet.java

	TARGET Mapping Asset DESTINY:

 key 0: Bluetooth content: src/pack/Bluetooth.java
 key 1: Startup content: src/pack/Startup.java
 key 2: Game content: src/pack/Game.java
 key 3: Multiplayer content: src/pack/Multiplayer.java
 key 4: Connection content: src/pack/Connection.java
 key 5: Internet content: src/pack/Internet.java


	SOURCE Mapping Asset ORGIGEM:

 key 0: Bluetooth content: /src/pack/Bluetooth.java
 key 1: Game content: /src/pack/Game.java
 key 2: Startup content: /src/pack/Startup.java
 key 3: Multiplayer content: /src/pack/Multiplayer.java
 key 4: Connection content: /src/pack/Connection.java
 key 5: Internet content: /src/pack/Internet.java


	TARGET Mapping Asset ORGIGEM:

 key 0: Bluetooth content: /src/pack/Bluetooth.java
 key 1: Game content: /src/pack/Game.java
 key 2: Startup content: /src/pack/Startup.java
 key 3: Multiplayer content: /src/pack/Multiplayer.java
 key 4: Connection content: /src/pack/Connection.java
 key 5: Internet content: /src/pack/Internet.java


	SOURCE PREPROCESS TAGS:



	 TARGET PREPROCESS TAGS:




mappingAssetDestiny: true mappingAssetOrigin: true preProcess: true

Product 18 ::  [ connection ] [ bluetooth ] [ game ] [ startup ] [ internet ]

 [ Connection ] - src/pack/Connection.java

 [ Connection ] - src/pack/Connection.java

 [ Internet ] - src/pack/Internet.java

 [ Connection ] - src/pack/Connection.java

 [ Multiplayer ] - src/pack/Multiplayer.java

 [ Internet ] - src/pack/Internet.java

 [ Multiplayer ] - src/pack/Multiplayer.java

 [ Game ] - src/pack/Game.java

 [ Bluetooth ] - src/pack/Bluetooth.java

 [ Startup ] - src/pack/Startup.java

 [ Startup ] - src/pack/Startup.java

 [ Multiplayer ] - src/pack/Multiplayer.java

 [ Internet ] - src/pack/Internet.java

 [ Connection ] - src/pack/Connection.java
constante destino esta vazio: false


	Correspondent Product

Product 19 ::  [ connection ] [ bluetooth ] [ game ] [ startup ] [ internet ]

 [ Connection ] - src/pack/Connection.java

 [ Connection ] - src/pack/Connection.java

 [ Internet ] - src/pack/Internet.java

 [ Connection ] - src/pack/Connection.java

 [ Multiplayer ] - src/pack/Multiplayer.java

 [ Internet ] - src/pack/Internet.java

 [ Multiplayer ] - src/pack/Multiplayer.java

 [ Game ] - src/pack/Game.java

 [ Bluetooth ] - src/pack/Bluetooth.java

 [ Startup ] - src/pack/Startup.java

 [ Startup ] - src/pack/Startup.java

 [ Multiplayer ] - src/pack/Multiplayer.java

 [ Internet ] - src/pack/Internet.java

 [ Connection ] - src/pack/Connection.java
constante destino esta vazio: false


	SOURCE Mapping Asset DESTINY:

 key 0: Bluetooth content: src/pack/Bluetooth.java
 key 1: Startup content: src/pack/Startup.java
 key 2: Game content: src/pack/Game.java
 key 3: Multiplayer content: src/pack/Multiplayer.java
 key 4: Connection content: src/pack/Connection.java
 key 5: Internet content: src/pack/Internet.java

	TARGET Mapping Asset DESTINY:

 key 0: Bluetooth content: src/pack/Bluetooth.java
 key 1: Startup content: src/pack/Startup.java
 key 2: Game content: src/pack/Game.java
 key 3: Multiplayer content: src/pack/Multiplayer.java
 key 4: Connection content: src/pack/Connection.java
 key 5: Internet content: src/pack/Internet.java


	SOURCE Mapping Asset ORGIGEM:

 key 0: Bluetooth content: /src/pack/Bluetooth.java
 key 1: Game content: /src/pack/Game.java
 key 2: Startup content: /src/pack/Startup.java
 key 3: Multiplayer content: /src/pack/Multiplayer.java
 key 4: Connection content: /src/pack/Connection.java
 key 5: Internet content: /src/pack/Internet.java


	TARGET Mapping Asset ORGIGEM:

 key 0: Bluetooth content: /src/pack/Bluetooth.java
 key 1: Game content: /src/pack/Game.java
 key 2: Startup content: /src/pack/Startup.java
 key 3: Multiplayer content: /src/pack/Multiplayer.java
 key 4: Connection content: /src/pack/Connection.java
 key 5: Internet content: /src/pack/Internet.java


	SOURCE PREPROCESS TAGS:



	 TARGET PREPROCESS TAGS:




mappingAssetDestiny: true mappingAssetOrigin: true preProcess: true

Product 20 ::  [ multiplayer ] [ game ] [ internet ]

 [ Connection ] - src/pack/Connection.java

 [ Internet ] - src/pack/Internet.java

 [ Connection ] - src/pack/Connection.java

 [ Multiplayer ] - src/pack/Multiplayer.java

 [ Internet ] - src/pack/Internet.java

 [ Game ] - src/pack/Game.java

 [ Startup ] - src/pack/Startup.java

 [ Multiplayer ] - src/pack/Multiplayer.java

 [ Multiplayer ] - src/pack/Multiplayer.java
constante destino esta vazio: false


	Correspondent Product

Product 21 ::  [ multiplayer ] [ game ] [ internet ]

 [ Connection ] - src/pack/Connection.java

 [ Internet ] - src/pack/Internet.java

 [ Connection ] - src/pack/Connection.java

 [ Multiplayer ] - src/pack/Multiplayer.java

 [ Internet ] - src/pack/Internet.java

 [ Game ] - src/pack/Game.java

 [ Startup ] - src/pack/Startup.java

 [ Multiplayer ] - src/pack/Multiplayer.java

 [ Multiplayer ] - src/pack/Multiplayer.java
constante destino esta vazio: false


	SOURCE Mapping Asset DESTINY:

 key 0: Startup content: src/pack/Startup.java
 key 1: Game content: src/pack/Game.java
 key 2: Multiplayer content: src/pack/Multiplayer.java
 key 3: Connection content: src/pack/Connection.java
 key 4: Internet content: src/pack/Internet.java

	TARGET Mapping Asset DESTINY:

 key 0: Startup content: src/pack/Startup.java
 key 1: Game content: src/pack/Game.java
 key 2: Multiplayer content: src/pack/Multiplayer.java
 key 3: Connection content: src/pack/Connection.java
 key 4: Internet content: src/pack/Internet.java


	SOURCE Mapping Asset ORGIGEM:

 key 0: Game content: /src/pack/Game.java
 key 1: Startup content: /src/pack/Startup.java
 key 2: Multiplayer content: /src/pack/Multiplayer.java
 key 3: Connection content: /src/pack/Connection.java
 key 4: Internet content: /src/pack/Internet.java


	TARGET Mapping Asset ORGIGEM:

 key 0: Game content: /src/pack/Game.java
 key 1: Startup content: /src/pack/Startup.java
 key 2: Multiplayer content: /src/pack/Multiplayer.java
 key 3: Connection content: /src/pack/Connection.java
 key 4: Internet content: /src/pack/Internet.java


	SOURCE PREPROCESS TAGS:



	 TARGET PREPROCESS TAGS:




mappingAssetDestiny: true mappingAssetOrigin: true preProcess: true

Product 22 ::  [ game ] [ internet ]

 [ Connection ] - src/pack/Connection.java

 [ Internet ] - src/pack/Internet.java

 [ Connection ] - src/pack/Connection.java

 [ Multiplayer ] - src/pack/Multiplayer.java

 [ Internet ] - src/pack/Internet.java

 [ Game ] - src/pack/Game.java

 [ Startup ] - src/pack/Startup.java

 [ Multiplayer ] - src/pack/Multiplayer.java
constante destino esta vazio: false


	Correspondent Product

Product 23 ::  [ game ] [ internet ]

 [ Connection ] - src/pack/Connection.java

 [ Internet ] - src/pack/Internet.java

 [ Connection ] - src/pack/Connection.java

 [ Multiplayer ] - src/pack/Multiplayer.java

 [ Internet ] - src/pack/Internet.java

 [ Game ] - src/pack/Game.java

 [ Startup ] - src/pack/Startup.java

 [ Multiplayer ] - src/pack/Multiplayer.java
constante destino esta vazio: false


	SOURCE Mapping Asset DESTINY:

 key 0: Startup content: src/pack/Startup.java
 key 1: Game content: src/pack/Game.java
 key 2: Multiplayer content: src/pack/Multiplayer.java
 key 3: Connection content: src/pack/Connection.java
 key 4: Internet content: src/pack/Internet.java

	TARGET Mapping Asset DESTINY:

 key 0: Startup content: src/pack/Startup.java
 key 1: Game content: src/pack/Game.java
 key 2: Multiplayer content: src/pack/Multiplayer.java
 key 3: Connection content: src/pack/Connection.java
 key 4: Internet content: src/pack/Internet.java


	SOURCE Mapping Asset ORGIGEM:

 key 0: Game content: /src/pack/Game.java
 key 1: Startup content: /src/pack/Startup.java
 key 2: Multiplayer content: /src/pack/Multiplayer.java
 key 3: Connection content: /src/pack/Connection.java
 key 4: Internet content: /src/pack/Internet.java


	TARGET Mapping Asset ORGIGEM:

 key 0: Game content: /src/pack/Game.java
 key 1: Startup content: /src/pack/Startup.java
 key 2: Multiplayer content: /src/pack/Multiplayer.java
 key 3: Connection content: /src/pack/Connection.java
 key 4: Internet content: /src/pack/Internet.java


	SOURCE PREPROCESS TAGS:



	 TARGET PREPROCESS TAGS:




mappingAssetDestiny: true mappingAssetOrigin: true preProcess: true

Product 24 ::  [ connection ] [ bluetooth ] [ game ]

 [ Connection ] - src/pack/Connection.java

 [ Connection ] - src/pack/Connection.java

 [ Multiplayer ] - src/pack/Multiplayer.java

 [ Internet ] - src/pack/Internet.java

 [ Game ] - src/pack/Game.java

 [ Bluetooth ] - src/pack/Bluetooth.java

 [ Startup ] - src/pack/Startup.java
constante destino esta vazio: false


	Correspondent Product

Product 25 ::  [ connection ] [ bluetooth ] [ game ]

 [ Connection ] - src/pack/Connection.java

 [ Connection ] - src/pack/Connection.java

 [ Multiplayer ] - src/pack/Multiplayer.java

 [ Internet ] - src/pack/Internet.java

 [ Game ] - src/pack/Game.java

 [ Bluetooth ] - src/pack/Bluetooth.java

 [ Startup ] - src/pack/Startup.java
constante destino esta vazio: false


	SOURCE Mapping Asset DESTINY:

 key 0: Bluetooth content: src/pack/Bluetooth.java
 key 1: Startup content: src/pack/Startup.java
 key 2: Game content: src/pack/Game.java
 key 3: Multiplayer content: src/pack/Multiplayer.java
 key 4: Connection content: src/pack/Connection.java
 key 5: Internet content: src/pack/Internet.java

	TARGET Mapping Asset DESTINY:

 key 0: Bluetooth content: src/pack/Bluetooth.java
 key 1: Startup content: src/pack/Startup.java
 key 2: Game content: src/pack/Game.java
 key 3: Multiplayer content: src/pack/Multiplayer.java
 key 4: Connection content: src/pack/Connection.java
 key 5: Internet content: src/pack/Internet.java


	SOURCE Mapping Asset ORGIGEM:

 key 0: Bluetooth content: /src/pack/Bluetooth.java
 key 1: Game content: /src/pack/Game.java
 key 2: Startup content: /src/pack/Startup.java
 key 3: Multiplayer content: /src/pack/Multiplayer.java
 key 4: Connection content: /src/pack/Connection.java
 key 5: Internet content: /src/pack/Internet.java


	TARGET Mapping Asset ORGIGEM:

 key 0: Bluetooth content: /src/pack/Bluetooth.java
 key 1: Game content: /src/pack/Game.java
 key 2: Startup content: /src/pack/Startup.java
 key 3: Multiplayer content: /src/pack/Multiplayer.java
 key 4: Connection content: /src/pack/Connection.java
 key 5: Internet content: /src/pack/Internet.java


	SOURCE PREPROCESS TAGS:



	 TARGET PREPROCESS TAGS:




mappingAssetDestiny: true mappingAssetOrigin: true preProcess: true

Product 26 ::  [ connection ] [ game ] [ startup ]

 [ Connection ] - src/pack/Connection.java

 [ Connection ] - src/pack/Connection.java

 [ Multiplayer ] - src/pack/Multiplayer.java

 [ Internet ] - src/pack/Internet.java

 [ Multiplayer ] - src/pack/Multiplayer.java

 [ Game ] - src/pack/Game.java

 [ Startup ] - src/pack/Startup.java

 [ Startup ] - src/pack/Startup.java

 [ Internet ] - src/pack/Internet.java

 [ Connection ] - src/pack/Connection.java
constante destino esta vazio: false


	Correspondent Product

Product 27 ::  [ connection ] [ game ] [ startup ]

 [ Connection ] - src/pack/Connection.java

 [ Connection ] - src/pack/Connection.java

 [ Multiplayer ] - src/pack/Multiplayer.java

 [ Internet ] - src/pack/Internet.java

 [ Multiplayer ] - src/pack/Multiplayer.java

 [ Game ] - src/pack/Game.java

 [ Startup ] - src/pack/Startup.java

 [ Startup ] - src/pack/Startup.java

 [ Internet ] - src/pack/Internet.java

 [ Connection ] - src/pack/Connection.java
constante destino esta vazio: false


	SOURCE Mapping Asset DESTINY:

 key 0: Startup content: src/pack/Startup.java
 key 1: Game content: src/pack/Game.java
 key 2: Multiplayer content: src/pack/Multiplayer.java
 key 3: Connection content: src/pack/Connection.java
 key 4: Internet content: src/pack/Internet.java

	TARGET Mapping Asset DESTINY:

 key 0: Startup content: src/pack/Startup.java
 key 1: Game content: src/pack/Game.java
 key 2: Multiplayer content: src/pack/Multiplayer.java
 key 3: Connection content: src/pack/Connection.java
 key 4: Internet content: src/pack/Internet.java


	SOURCE Mapping Asset ORGIGEM:

 key 0: Game content: /src/pack/Game.java
 key 1: Startup content: /src/pack/Startup.java
 key 2: Multiplayer content: /src/pack/Multiplayer.java
 key 3: Connection content: /src/pack/Connection.java
 key 4: Internet content: /src/pack/Internet.java


	TARGET Mapping Asset ORGIGEM:

 key 0: Game content: /src/pack/Game.java
 key 1: Startup content: /src/pack/Startup.java
 key 2: Multiplayer content: /src/pack/Multiplayer.java
 key 3: Connection content: /src/pack/Connection.java
 key 4: Internet content: /src/pack/Internet.java


	SOURCE PREPROCESS TAGS:



	 TARGET PREPROCESS TAGS:




mappingAssetDestiny: true mappingAssetOrigin: true preProcess: true

Product 28 ::  [ connection ] [ bluetooth ] [ game ] [ startup ]

 [ Connection ] - src/pack/Connection.java

 [ Connection ] - src/pack/Connection.java

 [ Multiplayer ] - src/pack/Multiplayer.java

 [ Internet ] - src/pack/Internet.java

 [ Multiplayer ] - src/pack/Multiplayer.java

 [ Game ] - src/pack/Game.java

 [ Bluetooth ] - src/pack/Bluetooth.java

 [ Startup ] - src/pack/Startup.java

 [ Startup ] - src/pack/Startup.java

 [ Internet ] - src/pack/Internet.java

 [ Connection ] - src/pack/Connection.java
constante destino esta vazio: false


	Correspondent Product

Product 29 ::  [ connection ] [ bluetooth ] [ game ] [ startup ]

 [ Connection ] - src/pack/Connection.java

 [ Connection ] - src/pack/Connection.java

 [ Multiplayer ] - src/pack/Multiplayer.java

 [ Internet ] - src/pack/Internet.java

 [ Multiplayer ] - src/pack/Multiplayer.java

 [ Game ] - src/pack/Game.java

 [ Bluetooth ] - src/pack/Bluetooth.java

 [ Startup ] - src/pack/Startup.java

 [ Startup ] - src/pack/Startup.java

 [ Internet ] - src/pack/Internet.java

 [ Connection ] - src/pack/Connection.java
constante destino esta vazio: false


	SOURCE Mapping Asset DESTINY:

 key 0: Bluetooth content: src/pack/Bluetooth.java
 key 1: Startup content: src/pack/Startup.java
 key 2: Game content: src/pack/Game.java
 key 3: Multiplayer content: src/pack/Multiplayer.java
 key 4: Connection content: src/pack/Connection.java
 key 5: Internet content: src/pack/Internet.java

	TARGET Mapping Asset DESTINY:

 key 0: Bluetooth content: src/pack/Bluetooth.java
 key 1: Startup content: src/pack/Startup.java
 key 2: Game content: src/pack/Game.java
 key 3: Multiplayer content: src/pack/Multiplayer.java
 key 4: Connection content: src/pack/Connection.java
 key 5: Internet content: src/pack/Internet.java


	SOURCE Mapping Asset ORGIGEM:

 key 0: Bluetooth content: /src/pack/Bluetooth.java
 key 1: Game content: /src/pack/Game.java
 key 2: Startup content: /src/pack/Startup.java
 key 3: Multiplayer content: /src/pack/Multiplayer.java
 key 4: Connection content: /src/pack/Connection.java
 key 5: Internet content: /src/pack/Internet.java


	TARGET Mapping Asset ORGIGEM:

 key 0: Bluetooth content: /src/pack/Bluetooth.java
 key 1: Game content: /src/pack/Game.java
 key 2: Startup content: /src/pack/Startup.java
 key 3: Multiplayer content: /src/pack/Multiplayer.java
 key 4: Connection content: /src/pack/Connection.java
 key 5: Internet content: /src/pack/Internet.java


	SOURCE PREPROCESS TAGS:



	 TARGET PREPROCESS TAGS:




mappingAssetDestiny: true mappingAssetOrigin: true preProcess: true

Product 30 ::  [ connection ] [ multiplayer ] [ game ]

 [ Connection ] - src/pack/Connection.java

 [ Connection ] - src/pack/Connection.java

 [ Multiplayer ] - src/pack/Multiplayer.java

 [ Internet ] - src/pack/Internet.java

 [ Game ] - src/pack/Game.java

 [ Startup ] - src/pack/Startup.java

 [ Multiplayer ] - src/pack/Multiplayer.java
constante destino esta vazio: false


	Correspondent Product

Product 31 ::  [ connection ] [ multiplayer ] [ game ]

 [ Connection ] - src/pack/Connection.java

 [ Connection ] - src/pack/Connection.java

 [ Multiplayer ] - src/pack/Multiplayer.java

 [ Internet ] - src/pack/Internet.java

 [ Game ] - src/pack/Game.java

 [ Startup ] - src/pack/Startup.java

 [ Multiplayer ] - src/pack/Multiplayer.java
constante destino esta vazio: false


	SOURCE Mapping Asset DESTINY:

 key 0: Startup content: src/pack/Startup.java
 key 1: Game content: src/pack/Game.java
 key 2: Multiplayer content: src/pack/Multiplayer.java
 key 3: Connection content: src/pack/Connection.java
 key 4: Internet content: src/pack/Internet.java

	TARGET Mapping Asset DESTINY:

 key 0: Startup content: src/pack/Startup.java
 key 1: Game content: src/pack/Game.java
 key 2: Multiplayer content: src/pack/Multiplayer.java
 key 3: Connection content: src/pack/Connection.java
 key 4: Internet content: src/pack/Internet.java


	SOURCE Mapping Asset ORGIGEM:

 key 0: Game content: /src/pack/Game.java
 key 1: Startup content: /src/pack/Startup.java
 key 2: Multiplayer content: /src/pack/Multiplayer.java
 key 3: Connection content: /src/pack/Connection.java
 key 4: Internet content: /src/pack/Internet.java


	TARGET Mapping Asset ORGIGEM:

 key 0: Game content: /src/pack/Game.java
 key 1: Startup content: /src/pack/Startup.java
 key 2: Multiplayer content: /src/pack/Multiplayer.java
 key 3: Connection content: /src/pack/Connection.java
 key 4: Internet content: /src/pack/Internet.java


	SOURCE PREPROCESS TAGS:



	 TARGET PREPROCESS TAGS:




mappingAssetDestiny: true mappingAssetOrigin: true preProcess: true

Product 32 ::  [ connection ] [ game ] [ startup ] [ internet ]

 [ Connection ] - src/pack/Connection.java

 [ Connection ] - src/pack/Connection.java

 [ Internet ] - src/pack/Internet.java

 [ Connection ] - src/pack/Connection.java

 [ Multiplayer ] - src/pack/Multiplayer.java

 [ Internet ] - src/pack/Internet.java

 [ Multiplayer ] - src/pack/Multiplayer.java

 [ Game ] - src/pack/Game.java

 [ Startup ] - src/pack/Startup.java

 [ Startup ] - src/pack/Startup.java

 [ Multiplayer ] - src/pack/Multiplayer.java

 [ Internet ] - src/pack/Internet.java

 [ Connection ] - src/pack/Connection.java
constante destino esta vazio: false


	Correspondent Product

Product 33 ::  [ connection ] [ game ] [ startup ] [ internet ]

 [ Connection ] - src/pack/Connection.java

 [ Connection ] - src/pack/Connection.java

 [ Internet ] - src/pack/Internet.java

 [ Connection ] - src/pack/Connection.java

 [ Multiplayer ] - src/pack/Multiplayer.java

 [ Internet ] - src/pack/Internet.java

 [ Multiplayer ] - src/pack/Multiplayer.java

 [ Game ] - src/pack/Game.java

 [ Startup ] - src/pack/Startup.java

 [ Startup ] - src/pack/Startup.java

 [ Multiplayer ] - src/pack/Multiplayer.java

 [ Internet ] - src/pack/Internet.java

 [ Connection ] - src/pack/Connection.java
constante destino esta vazio: false


	SOURCE Mapping Asset DESTINY:

 key 0: Startup content: src/pack/Startup.java
 key 1: Game content: src/pack/Game.java
 key 2: Multiplayer content: src/pack/Multiplayer.java
 key 3: Connection content: src/pack/Connection.java
 key 4: Internet content: src/pack/Internet.java

	TARGET Mapping Asset DESTINY:

 key 0: Startup content: src/pack/Startup.java
 key 1: Game content: src/pack/Game.java
 key 2: Multiplayer content: src/pack/Multiplayer.java
 key 3: Connection content: src/pack/Connection.java
 key 4: Internet content: src/pack/Internet.java


	SOURCE Mapping Asset ORGIGEM:

 key 0: Game content: /src/pack/Game.java
 key 1: Startup content: /src/pack/Startup.java
 key 2: Multiplayer content: /src/pack/Multiplayer.java
 key 3: Connection content: /src/pack/Connection.java
 key 4: Internet content: /src/pack/Internet.java


	TARGET Mapping Asset ORGIGEM:

 key 0: Game content: /src/pack/Game.java
 key 1: Startup content: /src/pack/Startup.java
 key 2: Multiplayer content: /src/pack/Multiplayer.java
 key 3: Connection content: /src/pack/Connection.java
 key 4: Internet content: /src/pack/Internet.java


	SOURCE PREPROCESS TAGS:



	 TARGET PREPROCESS TAGS:




mappingAssetDestiny: true mappingAssetOrigin: true preProcess: true

Product 34 ::  [ game ]

 [ Connection ] - src/pack/Connection.java

 [ Multiplayer ] - src/pack/Multiplayer.java

 [ Internet ] - src/pack/Internet.java

 [ Game ] - src/pack/Game.java

 [ Startup ] - src/pack/Startup.java
constante destino esta vazio: false


	Correspondent Product

Product 35 ::  [ game ]

 [ Connection ] - src/pack/Connection.java

 [ Multiplayer ] - src/pack/Multiplayer.java

 [ Internet ] - src/pack/Internet.java

 [ Game ] - src/pack/Game.java

 [ Startup ] - src/pack/Startup.java
constante destino esta vazio: false


	SOURCE Mapping Asset DESTINY:

 key 0: Startup content: src/pack/Startup.java
 key 1: Game content: src/pack/Game.java
 key 2: Multiplayer content: src/pack/Multiplayer.java
 key 3: Connection content: src/pack/Connection.java
 key 4: Internet content: src/pack/Internet.java

	TARGET Mapping Asset DESTINY:

 key 0: Startup content: src/pack/Startup.java
 key 1: Game content: src/pack/Game.java
 key 2: Multiplayer content: src/pack/Multiplayer.java
 key 3: Connection content: src/pack/Connection.java
 key 4: Internet content: src/pack/Internet.java


	SOURCE Mapping Asset ORGIGEM:

 key 0: Game content: /src/pack/Game.java
 key 1: Startup content: /src/pack/Startup.java
 key 2: Multiplayer content: /src/pack/Multiplayer.java
 key 3: Connection content: /src/pack/Connection.java
 key 4: Internet content: /src/pack/Internet.java


	TARGET Mapping Asset ORGIGEM:

 key 0: Game content: /src/pack/Game.java
 key 1: Startup content: /src/pack/Startup.java
 key 2: Multiplayer content: /src/pack/Multiplayer.java
 key 3: Connection content: /src/pack/Connection.java
 key 4: Internet content: /src/pack/Internet.java


	SOURCE PREPROCESS TAGS:



	 TARGET PREPROCESS TAGS:




mappingAssetDestiny: true mappingAssetOrigin: true preProcess: true

Product 36 ::  [ multiplayer ] [ game ]

 [ Connection ] - src/pack/Connection.java

 [ Multiplayer ] - src/pack/Multiplayer.java

 [ Internet ] - src/pack/Internet.java

 [ Game ] - src/pack/Game.java

 [ Startup ] - src/pack/Startup.java

 [ Multiplayer ] - src/pack/Multiplayer.java
constante destino esta vazio: false


	Correspondent Product

Product 37 ::  [ multiplayer ] [ game ]

 [ Connection ] - src/pack/Connection.java

 [ Multiplayer ] - src/pack/Multiplayer.java

 [ Internet ] - src/pack/Internet.java

 [ Game ] - src/pack/Game.java

 [ Startup ] - src/pack/Startup.java

 [ Multiplayer ] - src/pack/Multiplayer.java
constante destino esta vazio: false


	SOURCE Mapping Asset DESTINY:

 key 0: Startup content: src/pack/Startup.java
 key 1: Game content: src/pack/Game.java
 key 2: Multiplayer content: src/pack/Multiplayer.java
 key 3: Connection content: src/pack/Connection.java
 key 4: Internet content: src/pack/Internet.java

	TARGET Mapping Asset DESTINY:

 key 0: Startup content: src/pack/Startup.java
 key 1: Game content: src/pack/Game.java
 key 2: Multiplayer content: src/pack/Multiplayer.java
 key 3: Connection content: src/pack/Connection.java
 key 4: Internet content: src/pack/Internet.java


	SOURCE Mapping Asset ORGIGEM:

 key 0: Game content: /src/pack/Game.java
 key 1: Startup content: /src/pack/Startup.java
 key 2: Multiplayer content: /src/pack/Multiplayer.java
 key 3: Connection content: /src/pack/Connection.java
 key 4: Internet content: /src/pack/Internet.java


	TARGET Mapping Asset ORGIGEM:

 key 0: Game content: /src/pack/Game.java
 key 1: Startup content: /src/pack/Startup.java
 key 2: Multiplayer content: /src/pack/Multiplayer.java
 key 3: Connection content: /src/pack/Connection.java
 key 4: Internet content: /src/pack/Internet.java


	SOURCE PREPROCESS TAGS:



	 TARGET PREPROCESS TAGS:




mappingAssetDestiny: true mappingAssetOrigin: true preProcess: true

Product 38 ::  [ connection ] [ bluetooth ] [ multiplayer ] [ game ] [ internet ]

 [ Connection ] - src/pack/Connection.java

 [ Connection ] - src/pack/Connection.java

 [ Internet ] - src/pack/Internet.java

 [ Connection ] - src/pack/Connection.java

 [ Multiplayer ] - src/pack/Multiplayer.java

 [ Internet ] - src/pack/Internet.java

 [ Game ] - src/pack/Game.java

 [ Bluetooth ] - src/pack/Bluetooth.java

 [ Startup ] - src/pack/Startup.java

 [ Multiplayer ] - src/pack/Multiplayer.java

 [ Multiplayer ] - src/pack/Multiplayer.java
constante destino esta vazio: false


	Correspondent Product

Product 39 ::  [ connection ] [ bluetooth ] [ multiplayer ] [ game ] [ internet ]

 [ Connection ] - src/pack/Connection.java

 [ Connection ] - src/pack/Connection.java

 [ Internet ] - src/pack/Internet.java

 [ Connection ] - src/pack/Connection.java

 [ Multiplayer ] - src/pack/Multiplayer.java

 [ Internet ] - src/pack/Internet.java

 [ Game ] - src/pack/Game.java

 [ Bluetooth ] - src/pack/Bluetooth.java

 [ Startup ] - src/pack/Startup.java

 [ Multiplayer ] - src/pack/Multiplayer.java

 [ Multiplayer ] - src/pack/Multiplayer.java
constante destino esta vazio: false


	SOURCE Mapping Asset DESTINY:

 key 0: Bluetooth content: src/pack/Bluetooth.java
 key 1: Startup content: src/pack/Startup.java
 key 2: Game content: src/pack/Game.java
 key 3: Multiplayer content: src/pack/Multiplayer.java
 key 4: Connection content: src/pack/Connection.java
 key 5: Internet content: src/pack/Internet.java

	TARGET Mapping Asset DESTINY:

 key 0: Bluetooth content: src/pack/Bluetooth.java
 key 1: Startup content: src/pack/Startup.java
 key 2: Game content: src/pack/Game.java
 key 3: Multiplayer content: src/pack/Multiplayer.java
 key 4: Connection content: src/pack/Connection.java
 key 5: Internet content: src/pack/Internet.java


	SOURCE Mapping Asset ORGIGEM:

 key 0: Bluetooth content: /src/pack/Bluetooth.java
 key 1: Game content: /src/pack/Game.java
 key 2: Startup content: /src/pack/Startup.java
 key 3: Multiplayer content: /src/pack/Multiplayer.java
 key 4: Connection content: /src/pack/Connection.java
 key 5: Internet content: /src/pack/Internet.java


	TARGET Mapping Asset ORGIGEM:

 key 0: Bluetooth content: /src/pack/Bluetooth.java
 key 1: Game content: /src/pack/Game.java
 key 2: Startup content: /src/pack/Startup.java
 key 3: Multiplayer content: /src/pack/Multiplayer.java
 key 4: Connection content: /src/pack/Connection.java
 key 5: Internet content: /src/pack/Internet.java


	SOURCE PREPROCESS TAGS:



	 TARGET PREPROCESS TAGS:




mappingAssetDestiny: true mappingAssetOrigin: true preProcess: true

Product 40 ::  [ bluetooth ] [ game ] [ startup ]

 [ Connection ] - src/pack/Connection.java

 [ Multiplayer ] - src/pack/Multiplayer.java

 [ Internet ] - src/pack/Internet.java

 [ Multiplayer ] - src/pack/Multiplayer.java

 [ Game ] - src/pack/Game.java

 [ Bluetooth ] - src/pack/Bluetooth.java

 [ Startup ] - src/pack/Startup.java

 [ Startup ] - src/pack/Startup.java

 [ Internet ] - src/pack/Internet.java

 [ Connection ] - src/pack/Connection.java
constante destino esta vazio: false


	Correspondent Product

Product 41 ::  [ bluetooth ] [ game ] [ startup ]

 [ Connection ] - src/pack/Connection.java

 [ Multiplayer ] - src/pack/Multiplayer.java

 [ Internet ] - src/pack/Internet.java

 [ Multiplayer ] - src/pack/Multiplayer.java

 [ Game ] - src/pack/Game.java

 [ Bluetooth ] - src/pack/Bluetooth.java

 [ Startup ] - src/pack/Startup.java

 [ Startup ] - src/pack/Startup.java

 [ Internet ] - src/pack/Internet.java

 [ Connection ] - src/pack/Connection.java
constante destino esta vazio: false


	SOURCE Mapping Asset DESTINY:

 key 0: Bluetooth content: src/pack/Bluetooth.java
 key 1: Startup content: src/pack/Startup.java
 key 2: Game content: src/pack/Game.java
 key 3: Multiplayer content: src/pack/Multiplayer.java
 key 4: Connection content: src/pack/Connection.java
 key 5: Internet content: src/pack/Internet.java

	TARGET Mapping Asset DESTINY:

 key 0: Bluetooth content: src/pack/Bluetooth.java
 key 1: Startup content: src/pack/Startup.java
 key 2: Game content: src/pack/Game.java
 key 3: Multiplayer content: src/pack/Multiplayer.java
 key 4: Connection content: src/pack/Connection.java
 key 5: Internet content: src/pack/Internet.java


	SOURCE Mapping Asset ORGIGEM:

 key 0: Bluetooth content: /src/pack/Bluetooth.java
 key 1: Game content: /src/pack/Game.java
 key 2: Startup content: /src/pack/Startup.java
 key 3: Multiplayer content: /src/pack/Multiplayer.java
 key 4: Connection content: /src/pack/Connection.java
 key 5: Internet content: /src/pack/Internet.java


	TARGET Mapping Asset ORGIGEM:

 key 0: Bluetooth content: /src/pack/Bluetooth.java
 key 1: Game content: /src/pack/Game.java
 key 2: Startup content: /src/pack/Startup.java
 key 3: Multiplayer content: /src/pack/Multiplayer.java
 key 4: Connection content: /src/pack/Connection.java
 key 5: Internet content: /src/pack/Internet.java


	SOURCE PREPROCESS TAGS:



	 TARGET PREPROCESS TAGS:




mappingAssetDestiny: true mappingAssetOrigin: true preProcess: true

Product 42 ::  [ multiplayer ] [ game ] [ startup ]

 [ Connection ] - src/pack/Connection.java

 [ Multiplayer ] - src/pack/Multiplayer.java

 [ Internet ] - src/pack/Internet.java

 [ Multiplayer ] - src/pack/Multiplayer.java

 [ Game ] - src/pack/Game.java

 [ Startup ] - src/pack/Startup.java

 [ Startup ] - src/pack/Startup.java

 [ Multiplayer ] - src/pack/Multiplayer.java

 [ Internet ] - src/pack/Internet.java

 [ Connection ] - src/pack/Connection.java
constante destino esta vazio: false


	Correspondent Product

Product 43 ::  [ multiplayer ] [ game ] [ startup ]

 [ Connection ] - src/pack/Connection.java

 [ Multiplayer ] - src/pack/Multiplayer.java

 [ Internet ] - src/pack/Internet.java

 [ Multiplayer ] - src/pack/Multiplayer.java

 [ Game ] - src/pack/Game.java

 [ Startup ] - src/pack/Startup.java

 [ Startup ] - src/pack/Startup.java

 [ Multiplayer ] - src/pack/Multiplayer.java

 [ Internet ] - src/pack/Internet.java

 [ Connection ] - src/pack/Connection.java
constante destino esta vazio: false


	SOURCE Mapping Asset DESTINY:

 key 0: Startup content: src/pack/Startup.java
 key 1: Game content: src/pack/Game.java
 key 2: Multiplayer content: src/pack/Multiplayer.java
 key 3: Connection content: src/pack/Connection.java
 key 4: Internet content: src/pack/Internet.java

	TARGET Mapping Asset DESTINY:

 key 0: Startup content: src/pack/Startup.java
 key 1: Game content: src/pack/Game.java
 key 2: Multiplayer content: src/pack/Multiplayer.java
 key 3: Connection content: src/pack/Connection.java
 key 4: Internet content: src/pack/Internet.java


	SOURCE Mapping Asset ORGIGEM:

 key 0: Game content: /src/pack/Game.java
 key 1: Startup content: /src/pack/Startup.java
 key 2: Multiplayer content: /src/pack/Multiplayer.java
 key 3: Connection content: /src/pack/Connection.java
 key 4: Internet content: /src/pack/Internet.java


	TARGET Mapping Asset ORGIGEM:

 key 0: Game content: /src/pack/Game.java
 key 1: Startup content: /src/pack/Startup.java
 key 2: Multiplayer content: /src/pack/Multiplayer.java
 key 3: Connection content: /src/pack/Connection.java
 key 4: Internet content: /src/pack/Internet.java


	SOURCE PREPROCESS TAGS:



	 TARGET PREPROCESS TAGS:




mappingAssetDestiny: true mappingAssetOrigin: true preProcess: true

Product 44 ::  [ bluetooth ] [ game ] [ startup ] [ internet ]

 [ Connection ] - src/pack/Connection.java

 [ Internet ] - src/pack/Internet.java

 [ Connection ] - src/pack/Connection.java

 [ Multiplayer ] - src/pack/Multiplayer.java

 [ Internet ] - src/pack/Internet.java

 [ Multiplayer ] - src/pack/Multiplayer.java

 [ Game ] - src/pack/Game.java

 [ Bluetooth ] - src/pack/Bluetooth.java

 [ Startup ] - src/pack/Startup.java

 [ Startup ] - src/pack/Startup.java

 [ Multiplayer ] - src/pack/Multiplayer.java

 [ Internet ] - src/pack/Internet.java

 [ Connection ] - src/pack/Connection.java
constante destino esta vazio: false


	Correspondent Product

Product 45 ::  [ bluetooth ] [ game ] [ startup ] [ internet ]

 [ Connection ] - src/pack/Connection.java

 [ Internet ] - src/pack/Internet.java

 [ Connection ] - src/pack/Connection.java

 [ Multiplayer ] - src/pack/Multiplayer.java

 [ Internet ] - src/pack/Internet.java

 [ Multiplayer ] - src/pack/Multiplayer.java

 [ Game ] - src/pack/Game.java

 [ Bluetooth ] - src/pack/Bluetooth.java

 [ Startup ] - src/pack/Startup.java

 [ Startup ] - src/pack/Startup.java

 [ Multiplayer ] - src/pack/Multiplayer.java

 [ Internet ] - src/pack/Internet.java

 [ Connection ] - src/pack/Connection.java
constante destino esta vazio: false


	SOURCE Mapping Asset DESTINY:

 key 0: Bluetooth content: src/pack/Bluetooth.java
 key 1: Startup content: src/pack/Startup.java
 key 2: Game content: src/pack/Game.java
 key 3: Multiplayer content: src/pack/Multiplayer.java
 key 4: Connection content: src/pack/Connection.java
 key 5: Internet content: src/pack/Internet.java

	TARGET Mapping Asset DESTINY:

 key 0: Bluetooth content: src/pack/Bluetooth.java
 key 1: Startup content: src/pack/Startup.java
 key 2: Game content: src/pack/Game.java
 key 3: Multiplayer content: src/pack/Multiplayer.java
 key 4: Connection content: src/pack/Connection.java
 key 5: Internet content: src/pack/Internet.java


	SOURCE Mapping Asset ORGIGEM:

 key 0: Bluetooth content: /src/pack/Bluetooth.java
 key 1: Game content: /src/pack/Game.java
 key 2: Startup content: /src/pack/Startup.java
 key 3: Multiplayer content: /src/pack/Multiplayer.java
 key 4: Connection content: /src/pack/Connection.java
 key 5: Internet content: /src/pack/Internet.java


	TARGET Mapping Asset ORGIGEM:

 key 0: Bluetooth content: /src/pack/Bluetooth.java
 key 1: Game content: /src/pack/Game.java
 key 2: Startup content: /src/pack/Startup.java
 key 3: Multiplayer content: /src/pack/Multiplayer.java
 key 4: Connection content: /src/pack/Connection.java
 key 5: Internet content: /src/pack/Internet.java


	SOURCE PREPROCESS TAGS:



	 TARGET PREPROCESS TAGS:




mappingAssetDestiny: true mappingAssetOrigin: true preProcess: true

Product 46 ::  [ connection ] [ game ]

 [ Connection ] - src/pack/Connection.java

 [ Connection ] - src/pack/Connection.java

 [ Multiplayer ] - src/pack/Multiplayer.java

 [ Internet ] - src/pack/Internet.java

 [ Game ] - src/pack/Game.java

 [ Startup ] - src/pack/Startup.java
constante destino esta vazio: false


	Correspondent Product

Product 47 ::  [ connection ] [ game ]

 [ Connection ] - src/pack/Connection.java

 [ Connection ] - src/pack/Connection.java

 [ Multiplayer ] - src/pack/Multiplayer.java

 [ Internet ] - src/pack/Internet.java

 [ Game ] - src/pack/Game.java

 [ Startup ] - src/pack/Startup.java
constante destino esta vazio: false


	SOURCE Mapping Asset DESTINY:

 key 0: Startup content: src/pack/Startup.java
 key 1: Game content: src/pack/Game.java
 key 2: Multiplayer content: src/pack/Multiplayer.java
 key 3: Connection content: src/pack/Connection.java
 key 4: Internet content: src/pack/Internet.java

	TARGET Mapping Asset DESTINY:

 key 0: Startup content: src/pack/Startup.java
 key 1: Game content: src/pack/Game.java
 key 2: Multiplayer content: src/pack/Multiplayer.java
 key 3: Connection content: src/pack/Connection.java
 key 4: Internet content: src/pack/Internet.java


	SOURCE Mapping Asset ORGIGEM:

 key 0: Game content: /src/pack/Game.java
 key 1: Startup content: /src/pack/Startup.java
 key 2: Multiplayer content: /src/pack/Multiplayer.java
 key 3: Connection content: /src/pack/Connection.java
 key 4: Internet content: /src/pack/Internet.java


	TARGET Mapping Asset ORGIGEM:

 key 0: Game content: /src/pack/Game.java
 key 1: Startup content: /src/pack/Startup.java
 key 2: Multiplayer content: /src/pack/Multiplayer.java
 key 3: Connection content: /src/pack/Connection.java
 key 4: Internet content: /src/pack/Internet.java


	SOURCE PREPROCESS TAGS:



	 TARGET PREPROCESS TAGS:




mappingAssetDestiny: true mappingAssetOrigin: true preProcess: true

Product 48 ::  [ game ] [ startup ]

 [ Connection ] - src/pack/Connection.java

 [ Multiplayer ] - src/pack/Multiplayer.java

 [ Internet ] - src/pack/Internet.java

 [ Multiplayer ] - src/pack/Multiplayer.java

 [ Game ] - src/pack/Game.java

 [ Startup ] - src/pack/Startup.java

 [ Startup ] - src/pack/Startup.java

 [ Internet ] - src/pack/Internet.java

 [ Connection ] - src/pack/Connection.java
constante destino esta vazio: false


	Correspondent Product

Product 49 ::  [ game ] [ startup ]

 [ Connection ] - src/pack/Connection.java

 [ Multiplayer ] - src/pack/Multiplayer.java

 [ Internet ] - src/pack/Internet.java

 [ Multiplayer ] - src/pack/Multiplayer.java

 [ Game ] - src/pack/Game.java

 [ Startup ] - src/pack/Startup.java

 [ Startup ] - src/pack/Startup.java

 [ Internet ] - src/pack/Internet.java

 [ Connection ] - src/pack/Connection.java
constante destino esta vazio: false


	SOURCE Mapping Asset DESTINY:

 key 0: Startup content: src/pack/Startup.java
 key 1: Game content: src/pack/Game.java
 key 2: Multiplayer content: src/pack/Multiplayer.java
 key 3: Connection content: src/pack/Connection.java
 key 4: Internet content: src/pack/Internet.java

	TARGET Mapping Asset DESTINY:

 key 0: Startup content: src/pack/Startup.java
 key 1: Game content: src/pack/Game.java
 key 2: Multiplayer content: src/pack/Multiplayer.java
 key 3: Connection content: src/pack/Connection.java
 key 4: Internet content: src/pack/Internet.java


	SOURCE Mapping Asset ORGIGEM:

 key 0: Game content: /src/pack/Game.java
 key 1: Startup content: /src/pack/Startup.java
 key 2: Multiplayer content: /src/pack/Multiplayer.java
 key 3: Connection content: /src/pack/Connection.java
 key 4: Internet content: /src/pack/Internet.java


	TARGET Mapping Asset ORGIGEM:

 key 0: Game content: /src/pack/Game.java
 key 1: Startup content: /src/pack/Startup.java
 key 2: Multiplayer content: /src/pack/Multiplayer.java
 key 3: Connection content: /src/pack/Connection.java
 key 4: Internet content: /src/pack/Internet.java


	SOURCE PREPROCESS TAGS:



	 TARGET PREPROCESS TAGS:




mappingAssetDestiny: true mappingAssetOrigin: true preProcess: true

Product 50 ::  [ connection ] [ multiplayer ] [ game ] [ internet ]

 [ Connection ] - src/pack/Connection.java

 [ Connection ] - src/pack/Connection.java

 [ Internet ] - src/pack/Internet.java

 [ Connection ] - src/pack/Connection.java

 [ Multiplayer ] - src/pack/Multiplayer.java

 [ Internet ] - src/pack/Internet.java

 [ Game ] - src/pack/Game.java

 [ Startup ] - src/pack/Startup.java

 [ Multiplayer ] - src/pack/Multiplayer.java

 [ Multiplayer ] - src/pack/Multiplayer.java
constante destino esta vazio: false


	Correspondent Product

Product 51 ::  [ connection ] [ multiplayer ] [ game ] [ internet ]

 [ Connection ] - src/pack/Connection.java

 [ Connection ] - src/pack/Connection.java

 [ Internet ] - src/pack/Internet.java

 [ Connection ] - src/pack/Connection.java

 [ Multiplayer ] - src/pack/Multiplayer.java

 [ Internet ] - src/pack/Internet.java

 [ Game ] - src/pack/Game.java

 [ Startup ] - src/pack/Startup.java

 [ Multiplayer ] - src/pack/Multiplayer.java

 [ Multiplayer ] - src/pack/Multiplayer.java
constante destino esta vazio: false


	SOURCE Mapping Asset DESTINY:

 key 0: Startup content: src/pack/Startup.java
 key 1: Game content: src/pack/Game.java
 key 2: Multiplayer content: src/pack/Multiplayer.java
 key 3: Connection content: src/pack/Connection.java
 key 4: Internet content: src/pack/Internet.java

	TARGET Mapping Asset DESTINY:

 key 0: Startup content: src/pack/Startup.java
 key 1: Game content: src/pack/Game.java
 key 2: Multiplayer content: src/pack/Multiplayer.java
 key 3: Connection content: src/pack/Connection.java
 key 4: Internet content: src/pack/Internet.java


	SOURCE Mapping Asset ORGIGEM:

 key 0: Game content: /src/pack/Game.java
 key 1: Startup content: /src/pack/Startup.java
 key 2: Multiplayer content: /src/pack/Multiplayer.java
 key 3: Connection content: /src/pack/Connection.java
 key 4: Internet content: /src/pack/Internet.java


	TARGET Mapping Asset ORGIGEM:

 key 0: Game content: /src/pack/Game.java
 key 1: Startup content: /src/pack/Startup.java
 key 2: Multiplayer content: /src/pack/Multiplayer.java
 key 3: Connection content: /src/pack/Connection.java
 key 4: Internet content: /src/pack/Internet.java


	SOURCE PREPROCESS TAGS:



	 TARGET PREPROCESS TAGS:




mappingAssetDestiny: true mappingAssetOrigin: true preProcess: true

Product 52 ::  [ game ] [ startup ] [ internet ]

 [ Connection ] - src/pack/Connection.java

 [ Internet ] - src/pack/Internet.java

 [ Connection ] - src/pack/Connection.java

 [ Multiplayer ] - src/pack/Multiplayer.java

 [ Internet ] - src/pack/Internet.java

 [ Multiplayer ] - src/pack/Multiplayer.java

 [ Game ] - src/pack/Game.java

 [ Startup ] - src/pack/Startup.java

 [ Startup ] - src/pack/Startup.java

 [ Multiplayer ] - src/pack/Multiplayer.java

 [ Internet ] - src/pack/Internet.java

 [ Connection ] - src/pack/Connection.java
constante destino esta vazio: false


	Correspondent Product

Product 53 ::  [ game ] [ startup ] [ internet ]

 [ Connection ] - src/pack/Connection.java

 [ Internet ] - src/pack/Internet.java

 [ Connection ] - src/pack/Connection.java

 [ Multiplayer ] - src/pack/Multiplayer.java

 [ Internet ] - src/pack/Internet.java

 [ Multiplayer ] - src/pack/Multiplayer.java

 [ Game ] - src/pack/Game.java

 [ Startup ] - src/pack/Startup.java

 [ Startup ] - src/pack/Startup.java

 [ Multiplayer ] - src/pack/Multiplayer.java

 [ Internet ] - src/pack/Internet.java

 [ Connection ] - src/pack/Connection.java
constante destino esta vazio: false


	SOURCE Mapping Asset DESTINY:

 key 0: Startup content: src/pack/Startup.java
 key 1: Game content: src/pack/Game.java
 key 2: Multiplayer content: src/pack/Multiplayer.java
 key 3: Connection content: src/pack/Connection.java
 key 4: Internet content: src/pack/Internet.java

	TARGET Mapping Asset DESTINY:

 key 0: Startup content: src/pack/Startup.java
 key 1: Game content: src/pack/Game.java
 key 2: Multiplayer content: src/pack/Multiplayer.java
 key 3: Connection content: src/pack/Connection.java
 key 4: Internet content: src/pack/Internet.java


	SOURCE Mapping Asset ORGIGEM:

 key 0: Game content: /src/pack/Game.java
 key 1: Startup content: /src/pack/Startup.java
 key 2: Multiplayer content: /src/pack/Multiplayer.java
 key 3: Connection content: /src/pack/Connection.java
 key 4: Internet content: /src/pack/Internet.java


	TARGET Mapping Asset ORGIGEM:

 key 0: Game content: /src/pack/Game.java
 key 1: Startup content: /src/pack/Startup.java
 key 2: Multiplayer content: /src/pack/Multiplayer.java
 key 3: Connection content: /src/pack/Connection.java
 key 4: Internet content: /src/pack/Internet.java


	SOURCE PREPROCESS TAGS:



	 TARGET PREPROCESS TAGS:




mappingAssetDestiny: true mappingAssetOrigin: true preProcess: true

Product 54 ::  [ bluetooth ] [ multiplayer ] [ game ] [ startup ]

 [ Connection ] - src/pack/Connection.java

 [ Multiplayer ] - src/pack/Multiplayer.java

 [ Internet ] - src/pack/Internet.java

 [ Multiplayer ] - src/pack/Multiplayer.java

 [ Game ] - src/pack/Game.java

 [ Bluetooth ] - src/pack/Bluetooth.java

 [ Startup ] - src/pack/Startup.java

 [ Startup ] - src/pack/Startup.java

 [ Multiplayer ] - src/pack/Multiplayer.java

 [ Internet ] - src/pack/Internet.java

 [ Connection ] - src/pack/Connection.java
constante destino esta vazio: false


	Correspondent Product

Product 55 ::  [ bluetooth ] [ multiplayer ] [ game ] [ startup ]

 [ Connection ] - src/pack/Connection.java

 [ Multiplayer ] - src/pack/Multiplayer.java

 [ Internet ] - src/pack/Internet.java

 [ Multiplayer ] - src/pack/Multiplayer.java

 [ Game ] - src/pack/Game.java

 [ Bluetooth ] - src/pack/Bluetooth.java

 [ Startup ] - src/pack/Startup.java

 [ Startup ] - src/pack/Startup.java

 [ Multiplayer ] - src/pack/Multiplayer.java

 [ Internet ] - src/pack/Internet.java

 [ Connection ] - src/pack/Connection.java
constante destino esta vazio: false


	SOURCE Mapping Asset DESTINY:

 key 0: Bluetooth content: src/pack/Bluetooth.java
 key 1: Startup content: src/pack/Startup.java
 key 2: Game content: src/pack/Game.java
 key 3: Multiplayer content: src/pack/Multiplayer.java
 key 4: Connection content: src/pack/Connection.java
 key 5: Internet content: src/pack/Internet.java

	TARGET Mapping Asset DESTINY:

 key 0: Bluetooth content: src/pack/Bluetooth.java
 key 1: Startup content: src/pack/Startup.java
 key 2: Game content: src/pack/Game.java
 key 3: Multiplayer content: src/pack/Multiplayer.java
 key 4: Connection content: src/pack/Connection.java
 key 5: Internet content: src/pack/Internet.java


	SOURCE Mapping Asset ORGIGEM:

 key 0: Bluetooth content: /src/pack/Bluetooth.java
 key 1: Game content: /src/pack/Game.java
 key 2: Startup content: /src/pack/Startup.java
 key 3: Multiplayer content: /src/pack/Multiplayer.java
 key 4: Connection content: /src/pack/Connection.java
 key 5: Internet content: /src/pack/Internet.java


	TARGET Mapping Asset ORGIGEM:

 key 0: Bluetooth content: /src/pack/Bluetooth.java
 key 1: Game content: /src/pack/Game.java
 key 2: Startup content: /src/pack/Startup.java
 key 3: Multiplayer content: /src/pack/Multiplayer.java
 key 4: Connection content: /src/pack/Connection.java
 key 5: Internet content: /src/pack/Internet.java


	SOURCE PREPROCESS TAGS:



	 TARGET PREPROCESS TAGS:




mappingAssetDestiny: true mappingAssetOrigin: true preProcess: true

Product 56 ::  [ bluetooth ] [ game ]

 [ Connection ] - src/pack/Connection.java

 [ Multiplayer ] - src/pack/Multiplayer.java

 [ Internet ] - src/pack/Internet.java

 [ Game ] - src/pack/Game.java

 [ Bluetooth ] - src/pack/Bluetooth.java

 [ Startup ] - src/pack/Startup.java
constante destino esta vazio: false


	Correspondent Product

Product 57 ::  [ bluetooth ] [ game ]

 [ Connection ] - src/pack/Connection.java

 [ Multiplayer ] - src/pack/Multiplayer.java

 [ Internet ] - src/pack/Internet.java

 [ Game ] - src/pack/Game.java

 [ Bluetooth ] - src/pack/Bluetooth.java

 [ Startup ] - src/pack/Startup.java
constante destino esta vazio: false


	SOURCE Mapping Asset DESTINY:

 key 0: Bluetooth content: src/pack/Bluetooth.java
 key 1: Startup content: src/pack/Startup.java
 key 2: Game content: src/pack/Game.java
 key 3: Multiplayer content: src/pack/Multiplayer.java
 key 4: Connection content: src/pack/Connection.java
 key 5: Internet content: src/pack/Internet.java

	TARGET Mapping Asset DESTINY:

 key 0: Bluetooth content: src/pack/Bluetooth.java
 key 1: Startup content: src/pack/Startup.java
 key 2: Game content: src/pack/Game.java
 key 3: Multiplayer content: src/pack/Multiplayer.java
 key 4: Connection content: src/pack/Connection.java
 key 5: Internet content: src/pack/Internet.java


	SOURCE Mapping Asset ORGIGEM:

 key 0: Bluetooth content: /src/pack/Bluetooth.java
 key 1: Game content: /src/pack/Game.java
 key 2: Startup content: /src/pack/Startup.java
 key 3: Multiplayer content: /src/pack/Multiplayer.java
 key 4: Connection content: /src/pack/Connection.java
 key 5: Internet content: /src/pack/Internet.java


	TARGET Mapping Asset ORGIGEM:

 key 0: Bluetooth content: /src/pack/Bluetooth.java
 key 1: Game content: /src/pack/Game.java
 key 2: Startup content: /src/pack/Startup.java
 key 3: Multiplayer content: /src/pack/Multiplayer.java
 key 4: Connection content: /src/pack/Connection.java
 key 5: Internet content: /src/pack/Internet.java


	SOURCE PREPROCESS TAGS:



	 TARGET PREPROCESS TAGS:




mappingAssetDestiny: true mappingAssetOrigin: true preProcess: true

Product 58 ::  [ connection ] [ bluetooth ] [ game ] [ internet ]

 [ Connection ] - src/pack/Connection.java

 [ Connection ] - src/pack/Connection.java

 [ Internet ] - src/pack/Internet.java

 [ Connection ] - src/pack/Connection.java

 [ Multiplayer ] - src/pack/Multiplayer.java

 [ Internet ] - src/pack/Internet.java

 [ Game ] - src/pack/Game.java

 [ Bluetooth ] - src/pack/Bluetooth.java

 [ Startup ] - src/pack/Startup.java

 [ Multiplayer ] - src/pack/Multiplayer.java
constante destino esta vazio: false


	Correspondent Product

Product 59 ::  [ connection ] [ bluetooth ] [ game ] [ internet ]

 [ Connection ] - src/pack/Connection.java

 [ Connection ] - src/pack/Connection.java

 [ Internet ] - src/pack/Internet.java

 [ Connection ] - src/pack/Connection.java

 [ Multiplayer ] - src/pack/Multiplayer.java

 [ Internet ] - src/pack/Internet.java

 [ Game ] - src/pack/Game.java

 [ Bluetooth ] - src/pack/Bluetooth.java

 [ Startup ] - src/pack/Startup.java

 [ Multiplayer ] - src/pack/Multiplayer.java
constante destino esta vazio: false


	SOURCE Mapping Asset DESTINY:

 key 0: Bluetooth content: src/pack/Bluetooth.java
 key 1: Startup content: src/pack/Startup.java
 key 2: Game content: src/pack/Game.java
 key 3: Multiplayer content: src/pack/Multiplayer.java
 key 4: Connection content: src/pack/Connection.java
 key 5: Internet content: src/pack/Internet.java

	TARGET Mapping Asset DESTINY:

 key 0: Bluetooth content: src/pack/Bluetooth.java
 key 1: Startup content: src/pack/Startup.java
 key 2: Game content: src/pack/Game.java
 key 3: Multiplayer content: src/pack/Multiplayer.java
 key 4: Connection content: src/pack/Connection.java
 key 5: Internet content: src/pack/Internet.java


	SOURCE Mapping Asset ORGIGEM:

 key 0: Bluetooth content: /src/pack/Bluetooth.java
 key 1: Game content: /src/pack/Game.java
 key 2: Startup content: /src/pack/Startup.java
 key 3: Multiplayer content: /src/pack/Multiplayer.java
 key 4: Connection content: /src/pack/Connection.java
 key 5: Internet content: /src/pack/Internet.java


	TARGET Mapping Asset ORGIGEM:

 key 0: Bluetooth content: /src/pack/Bluetooth.java
 key 1: Game content: /src/pack/Game.java
 key 2: Startup content: /src/pack/Startup.java
 key 3: Multiplayer content: /src/pack/Multiplayer.java
 key 4: Connection content: /src/pack/Connection.java
 key 5: Internet content: /src/pack/Internet.java


	SOURCE PREPROCESS TAGS:



	 TARGET PREPROCESS TAGS:




mappingAssetDestiny: true mappingAssetOrigin: true preProcess: true

Product 60 ::  [ bluetooth ] [ multiplayer ] [ game ]

 [ Connection ] - src/pack/Connection.java

 [ Multiplayer ] - src/pack/Multiplayer.java

 [ Internet ] - src/pack/Internet.java

 [ Game ] - src/pack/Game.java

 [ Bluetooth ] - src/pack/Bluetooth.java

 [ Startup ] - src/pack/Startup.java

 [ Multiplayer ] - src/pack/Multiplayer.java
constante destino esta vazio: false


	Correspondent Product

Product 61 ::  [ bluetooth ] [ multiplayer ] [ game ]

 [ Connection ] - src/pack/Connection.java

 [ Multiplayer ] - src/pack/Multiplayer.java

 [ Internet ] - src/pack/Internet.java

 [ Game ] - src/pack/Game.java

 [ Bluetooth ] - src/pack/Bluetooth.java

 [ Startup ] - src/pack/Startup.java

 [ Multiplayer ] - src/pack/Multiplayer.java
constante destino esta vazio: false


	SOURCE Mapping Asset DESTINY:

 key 0: Bluetooth content: src/pack/Bluetooth.java
 key 1: Startup content: src/pack/Startup.java
 key 2: Game content: src/pack/Game.java
 key 3: Multiplayer content: src/pack/Multiplayer.java
 key 4: Connection content: src/pack/Connection.java
 key 5: Internet content: src/pack/Internet.java

	TARGET Mapping Asset DESTINY:

 key 0: Bluetooth content: src/pack/Bluetooth.java
 key 1: Startup content: src/pack/Startup.java
 key 2: Game content: src/pack/Game.java
 key 3: Multiplayer content: src/pack/Multiplayer.java
 key 4: Connection content: src/pack/Connection.java
 key 5: Internet content: src/pack/Internet.java


	SOURCE Mapping Asset ORGIGEM:

 key 0: Bluetooth content: /src/pack/Bluetooth.java
 key 1: Game content: /src/pack/Game.java
 key 2: Startup content: /src/pack/Startup.java
 key 3: Multiplayer content: /src/pack/Multiplayer.java
 key 4: Connection content: /src/pack/Connection.java
 key 5: Internet content: /src/pack/Internet.java


	TARGET Mapping Asset ORGIGEM:

 key 0: Bluetooth content: /src/pack/Bluetooth.java
 key 1: Game content: /src/pack/Game.java
 key 2: Startup content: /src/pack/Startup.java
 key 3: Multiplayer content: /src/pack/Multiplayer.java
 key 4: Connection content: /src/pack/Connection.java
 key 5: Internet content: /src/pack/Internet.java


	SOURCE PREPROCESS TAGS:



	 TARGET PREPROCESS TAGS:




mappingAssetDestiny: true mappingAssetOrigin: true preProcess: true

Product 62 ::  [ bluetooth ] [ game ] [ internet ]

 [ Connection ] - src/pack/Connection.java

 [ Internet ] - src/pack/Internet.java

 [ Connection ] - src/pack/Connection.java

 [ Multiplayer ] - src/pack/Multiplayer.java

 [ Internet ] - src/pack/Internet.java

 [ Game ] - src/pack/Game.java

 [ Bluetooth ] - src/pack/Bluetooth.java

 [ Startup ] - src/pack/Startup.java

 [ Multiplayer ] - src/pack/Multiplayer.java
constante destino esta vazio: false


	Correspondent Product

Product 63 ::  [ bluetooth ] [ game ] [ internet ]

 [ Connection ] - src/pack/Connection.java

 [ Internet ] - src/pack/Internet.java

 [ Connection ] - src/pack/Connection.java

 [ Multiplayer ] - src/pack/Multiplayer.java

 [ Internet ] - src/pack/Internet.java

 [ Game ] - src/pack/Game.java

 [ Bluetooth ] - src/pack/Bluetooth.java

 [ Startup ] - src/pack/Startup.java

 [ Multiplayer ] - src/pack/Multiplayer.java
constante destino esta vazio: false


	SOURCE Mapping Asset DESTINY:

 key 0: Bluetooth content: src/pack/Bluetooth.java
 key 1: Startup content: src/pack/Startup.java
 key 2: Game content: src/pack/Game.java
 key 3: Multiplayer content: src/pack/Multiplayer.java
 key 4: Connection content: src/pack/Connection.java
 key 5: Internet content: src/pack/Internet.java

	TARGET Mapping Asset DESTINY:

 key 0: Bluetooth content: src/pack/Bluetooth.java
 key 1: Startup content: src/pack/Startup.java
 key 2: Game content: src/pack/Game.java
 key 3: Multiplayer content: src/pack/Multiplayer.java
 key 4: Connection content: src/pack/Connection.java
 key 5: Internet content: src/pack/Internet.java


	SOURCE Mapping Asset ORGIGEM:

 key 0: Bluetooth content: /src/pack/Bluetooth.java
 key 1: Game content: /src/pack/Game.java
 key 2: Startup content: /src/pack/Startup.java
 key 3: Multiplayer content: /src/pack/Multiplayer.java
 key 4: Connection content: /src/pack/Connection.java
 key 5: Internet content: /src/pack/Internet.java


	TARGET Mapping Asset ORGIGEM:

 key 0: Bluetooth content: /src/pack/Bluetooth.java
 key 1: Game content: /src/pack/Game.java
 key 2: Startup content: /src/pack/Startup.java
 key 3: Multiplayer content: /src/pack/Multiplayer.java
 key 4: Connection content: /src/pack/Connection.java
 key 5: Internet content: /src/pack/Internet.java


	SOURCE PREPROCESS TAGS:



	 TARGET PREPROCESS TAGS:




mappingAssetDestiny: true mappingAssetOrigin: true preProcess: true


 ... Attempting to marry products that did not have a par.


All products in the source have a really correspondent target product ?: true
areAllProductsMatched: true

Have Source and Target the same assets ?:false 


 AM Equal: false

EXTENDED IMPACTED ClASSES


FILE: /home/jefferson/workspace/pairs/motivating_source2/src

FILE: /home/jefferson/workspace/pairs/motivating_source2/src/pack

FILE: /home/jefferson/workspace/pairs/motivating_source2/src/pack/.svn

FILE: /home/jefferson/workspace/pairs/motivating_source2/src/pack/Bluetooth.java

FILE: /home/jefferson/workspace/pairs/motivating_source2/src/pack/Startup.java

Dependencia: Internet

FILE: /home/jefferson/workspace/pairs/motivating_source2/src/pack/Internet.java

FILE: /home/jefferson/workspace/pairs/motivating_source2/src/pack/Multiplayer.java

FILE: /home/jefferson/workspace/pairs/motivating_source2/src/pack/Connection.java

FILE: /home/jefferson/workspace/pairs/motivating_source2/src/pack/Game.java

Dependencia: Internet

FILE: /home/jefferson/workspace/pairs/motivating_source2/src/.svn

FILE: /home/jefferson/workspace/pairs/motivating_source2/src

FILE: /home/jefferson/workspace/pairs/motivating_source2/src/pack

FILE: /home/jefferson/workspace/pairs/motivating_source2/src/pack/.svn

FILE: /home/jefferson/workspace/pairs/motivating_source2/src/pack/Bluetooth.java

FILE: /home/jefferson/workspace/pairs/motivating_source2/src/pack/Startup.java

FILE: /home/jefferson/workspace/pairs/motivating_source2/src/pack/Internet.java

FILE: /home/jefferson/workspace/pairs/motivating_source2/src/pack/Multiplayer.java

FILE: /home/jefferson/workspace/pairs/motivating_source2/src/pack/Connection.java

FILE: /home/jefferson/workspace/pairs/motivating_source2/src/pack/Game.java

FILE: /home/jefferson/workspace/pairs/motivating_source2/src/.svn

List of Extended Impacted Classes: 2
pack.Game.java
pack.Startup.java

--------------------------

List of Modified Classes: 2
pack.Game.java
pack.Startup.java

--------------------------

 Amount of Pseudo Products: 0

 [ Connection ] - src/pack/Connection.java

 [ Internet ] - src/pack/Internet.java

 [ Connection ] - src/pack/Connection.java

 [ Multiplayer ] - src/pack/Multiplayer.java

 [ Internet ] - src/pack/Internet.java

 [ Multiplayer ] - src/pack/Multiplayer.java

 [ Game ] - src/pack/Game.java

 [ Startup ] - src/pack/Startup.java

 [ Startup ] - src/pack/Startup.java

 [ Multiplayer ] - src/pack/Multiplayer.java

 [ Multiplayer ] - src/pack/Multiplayer.java

 [ Internet ] - src/pack/Internet.java

 [ Connection ] - src/pack/Connection.java

 feat: null

 feat: null

 feat: null

 feat: null

 [ Connection ] - src/pack/Connection.java

 [ Connection ] - src/pack/Connection.java

 [ Multiplayer ] - src/pack/Multiplayer.java

 [ Internet ] - src/pack/Internet.java

 [ Multiplayer ] - src/pack/Multiplayer.java

 [ Game ] - src/pack/Game.java

 [ Startup ] - src/pack/Startup.java

 [ Startup ] - src/pack/Startup.java

 [ Multiplayer ] - src/pack/Multiplayer.java

 [ Internet ] - src/pack/Internet.java

 [ Connection ] - src/pack/Connection.java

 feat: null

 feat: null

 feat: null

 feat: null

 [ Connection ] - src/pack/Connection.java

 [ Connection ] - src/pack/Connection.java

 [ Multiplayer ] - src/pack/Multiplayer.java

 [ Internet ] - src/pack/Internet.java

 [ Multiplayer ] - src/pack/Multiplayer.java

 [ Game ] - src/pack/Game.java

 [ Bluetooth ] - src/pack/Bluetooth.java

 [ Startup ] - src/pack/Startup.java

 [ Startup ] - src/pack/Startup.java

 [ Multiplayer ] - src/pack/Multiplayer.java

 [ Internet ] - src/pack/Internet.java

 [ Connection ] - src/pack/Connection.java

 feat: null

 feat: null

 feat: null

 feat: null

 feat: null

 [ Connection ] - src/pack/Connection.java

 [ Connection ] - src/pack/Connection.java

 [ Internet ] - src/pack/Internet.java

 [ Connection ] - src/pack/Connection.java

 [ Multiplayer ] - src/pack/Multiplayer.java

 [ Internet ] - src/pack/Internet.java

 [ Game ] - src/pack/Game.java

 [ Startup ] - src/pack/Startup.java

 [ Multiplayer ] - src/pack/Multiplayer.java

 feat: null

 feat: null

 feat: null

 [ Connection ] - src/pack/Connection.java

 [ Connection ] - src/pack/Connection.java

 [ Multiplayer ] - src/pack/Multiplayer.java

 [ Internet ] - src/pack/Internet.java

 [ Game ] - src/pack/Game.java

 [ Bluetooth ] - src/pack/Bluetooth.java

 [ Startup ] - src/pack/Startup.java

 [ Multiplayer ] - src/pack/Multiplayer.java

 feat: null

 feat: null

 feat: null

 feat: null

 [ Connection ] - src/pack/Connection.java

 [ Connection ] - src/pack/Connection.java

 [ Internet ] - src/pack/Internet.java

 [ Connection ] - src/pack/Connection.java

 [ Multiplayer ] - src/pack/Multiplayer.java

 [ Internet ] - src/pack/Internet.java

 [ Multiplayer ] - src/pack/Multiplayer.java

 [ Game ] - src/pack/Game.java

 [ Startup ] - src/pack/Startup.java

 [ Startup ] - src/pack/Startup.java

 [ Multiplayer ] - src/pack/Multiplayer.java

 [ Multiplayer ] - src/pack/Multiplayer.java

 [ Internet ] - src/pack/Internet.java

 [ Connection ] - src/pack/Connection.java

 feat: null

 feat: null

 feat: null

 feat: null

 feat: null

 [ Connection ] - src/pack/Connection.java

 [ Internet ] - src/pack/Internet.java

 [ Connection ] - src/pack/Connection.java

 [ Multiplayer ] - src/pack/Multiplayer.java

 [ Internet ] - src/pack/Internet.java

 [ Multiplayer ] - src/pack/Multiplayer.java

 [ Game ] - src/pack/Game.java

 [ Bluetooth ] - src/pack/Bluetooth.java

 [ Startup ] - src/pack/Startup.java

 [ Startup ] - src/pack/Startup.java

 [ Multiplayer ] - src/pack/Multiplayer.java

 [ Multiplayer ] - src/pack/Multiplayer.java

 [ Internet ] - src/pack/Internet.java

 [ Connection ] - src/pack/Connection.java

 feat: null

 feat: null

 feat: null

 feat: null

 feat: null

 [ Connection ] - src/pack/Connection.java

 [ Internet ] - src/pack/Internet.java

 [ Connection ] - src/pack/Connection.java

 [ Multiplayer ] - src/pack/Multiplayer.java

 [ Internet ] - src/pack/Internet.java

 [ Game ] - src/pack/Game.java

 [ Bluetooth ] - src/pack/Bluetooth.java

 [ Startup ] - src/pack/Startup.java

 [ Multiplayer ] - src/pack/Multiplayer.java

 [ Multiplayer ] - src/pack/Multiplayer.java

 feat: null

 feat: null

 feat: null

 feat: null

 [ Connection ] - src/pack/Connection.java

 [ Connection ] - src/pack/Connection.java

 [ Internet ] - src/pack/Internet.java

 [ Connection ] - src/pack/Connection.java

 [ Multiplayer ] - src/pack/Multiplayer.java

 [ Internet ] - src/pack/Internet.java

 [ Multiplayer ] - src/pack/Multiplayer.java

 [ Game ] - src/pack/Game.java

 [ Bluetooth ] - src/pack/Bluetooth.java

 [ Startup ] - src/pack/Startup.java

 [ Startup ] - src/pack/Startup.java

 [ Multiplayer ] - src/pack/Multiplayer.java

 [ Multiplayer ] - src/pack/Multiplayer.java

 [ Internet ] - src/pack/Internet.java

 [ Connection ] - src/pack/Connection.java

 feat: null

 feat: null

 feat: null

 feat: null

 feat: null

 feat: null

 [ Connection ] - src/pack/Connection.java

 [ Internet ] - src/pack/Internet.java

 [ Connection ] - src/pack/Connection.java

 [ Multiplayer ] - src/pack/Multiplayer.java

 [ Internet ] - src/pack/Internet.java

 [ Game ] - src/pack/Game.java

 [ Startup ] - src/pack/Startup.java

 [ Multiplayer ] - src/pack/Multiplayer.java

 [ Multiplayer ] - src/pack/Multiplayer.java

 feat: null

 feat: null

 feat: null

 [ Connection ] - src/pack/Connection.java

 [ Connection ] - src/pack/Connection.java

 [ Internet ] - src/pack/Internet.java

 [ Connection ] - src/pack/Connection.java

 [ Multiplayer ] - src/pack/Multiplayer.java

 [ Internet ] - src/pack/Internet.java

 [ Multiplayer ] - src/pack/Multiplayer.java

 [ Game ] - src/pack/Game.java

 [ Bluetooth ] - src/pack/Bluetooth.java

 [ Startup ] - src/pack/Startup.java

 [ Startup ] - src/pack/Startup.java

 [ Multiplayer ] - src/pack/Multiplayer.java

 [ Internet ] - src/pack/Internet.java

 [ Connection ] - src/pack/Connection.java

 feat: null

 feat: null

 feat: null

 feat: null

 feat: null

 [ Connection ] - src/pack/Connection.java

 [ Internet ] - src/pack/Internet.java

 [ Connection ] - src/pack/Connection.java

 [ Multiplayer ] - src/pack/Multiplayer.java

 [ Internet ] - src/pack/Internet.java

 [ Game ] - src/pack/Game.java

 [ Startup ] - src/pack/Startup.java

 [ Multiplayer ] - src/pack/Multiplayer.java

 feat: null

 feat: null

 [ Connection ] - src/pack/Connection.java

 [ Connection ] - src/pack/Connection.java

 [ Multiplayer ] - src/pack/Multiplayer.java

 [ Internet ] - src/pack/Internet.java

 [ Game ] - src/pack/Game.java

 [ Bluetooth ] - src/pack/Bluetooth.java

 [ Startup ] - src/pack/Startup.java

 feat: null

 feat: null

 feat: null

 [ Connection ] - src/pack/Connection.java

 [ Connection ] - src/pack/Connection.java

 [ Multiplayer ] - src/pack/Multiplayer.java

 [ Internet ] - src/pack/Internet.java

 [ Multiplayer ] - src/pack/Multiplayer.java

 [ Game ] - src/pack/Game.java

 [ Startup ] - src/pack/Startup.java

 [ Startup ] - src/pack/Startup.java

 [ Internet ] - src/pack/Internet.java

 [ Connection ] - src/pack/Connection.java

 feat: null

 feat: null

 feat: null

 [ Connection ] - src/pack/Connection.java

 [ Connection ] - src/pack/Connection.java

 [ Multiplayer ] - src/pack/Multiplayer.java

 [ Internet ] - src/pack/Internet.java

 [ Multiplayer ] - src/pack/Multiplayer.java

 [ Game ] - src/pack/Game.java

 [ Bluetooth ] - src/pack/Bluetooth.java

 [ Startup ] - src/pack/Startup.java

 [ Startup ] - src/pack/Startup.java

 [ Internet ] - src/pack/Internet.java

 [ Connection ] - src/pack/Connection.java

 feat: null

 feat: null

 feat: null

 feat: null

 [ Connection ] - src/pack/Connection.java

 [ Connection ] - src/pack/Connection.java

 [ Multiplayer ] - src/pack/Multiplayer.java

 [ Internet ] - src/pack/Internet.java

 [ Game ] - src/pack/Game.java

 [ Startup ] - src/pack/Startup.java

 [ Multiplayer ] - src/pack/Multiplayer.java

 feat: null

 feat: null

 feat: null

 [ Connection ] - src/pack/Connection.java

 [ Connection ] - src/pack/Connection.java

 [ Internet ] - src/pack/Internet.java

 [ Connection ] - src/pack/Connection.java

 [ Multiplayer ] - src/pack/Multiplayer.java

 [ Internet ] - src/pack/Internet.java

 [ Multiplayer ] - src/pack/Multiplayer.java

 [ Game ] - src/pack/Game.java

 [ Startup ] - src/pack/Startup.java

 [ Startup ] - src/pack/Startup.java

 [ Multiplayer ] - src/pack/Multiplayer.java

 [ Internet ] - src/pack/Internet.java

 [ Connection ] - src/pack/Connection.java

 feat: null

 feat: null

 feat: null

 feat: null

 [ Connection ] - src/pack/Connection.java

 [ Multiplayer ] - src/pack/Multiplayer.java

 [ Internet ] - src/pack/Internet.java

 [ Game ] - src/pack/Game.java

 [ Startup ] - src/pack/Startup.java

 feat: null

 [ Connection ] - src/pack/Connection.java

 [ Multiplayer ] - src/pack/Multiplayer.java

 [ Internet ] - src/pack/Internet.java

 [ Game ] - src/pack/Game.java

 [ Startup ] - src/pack/Startup.java

 [ Multiplayer ] - src/pack/Multiplayer.java

 feat: null

 feat: null

 [ Connection ] - src/pack/Connection.java

 [ Connection ] - src/pack/Connection.java

 [ Internet ] - src/pack/Internet.java

 [ Connection ] - src/pack/Connection.java

 [ Multiplayer ] - src/pack/Multiplayer.java

 [ Internet ] - src/pack/Internet.java

 [ Game ] - src/pack/Game.java

 [ Bluetooth ] - src/pack/Bluetooth.java

 [ Startup ] - src/pack/Startup.java

 [ Multiplayer ] - src/pack/Multiplayer.java

 [ Multiplayer ] - src/pack/Multiplayer.java

 feat: null

 feat: null

 feat: null

 feat: null

 feat: null

 [ Connection ] - src/pack/Connection.java

 [ Multiplayer ] - src/pack/Multiplayer.java

 [ Internet ] - src/pack/Internet.java

 [ Multiplayer ] - src/pack/Multiplayer.java

 [ Game ] - src/pack/Game.java

 [ Bluetooth ] - src/pack/Bluetooth.java

 [ Startup ] - src/pack/Startup.java

 [ Startup ] - src/pack/Startup.java

 [ Internet ] - src/pack/Internet.java

 [ Connection ] - src/pack/Connection.java

 feat: null

 feat: null

 feat: null

 [ Connection ] - src/pack/Connection.java

 [ Multiplayer ] - src/pack/Multiplayer.java

 [ Internet ] - src/pack/Internet.java

 [ Multiplayer ] - src/pack/Multiplayer.java

 [ Game ] - src/pack/Game.java

 [ Startup ] - src/pack/Startup.java

 [ Startup ] - src/pack/Startup.java

 [ Multiplayer ] - src/pack/Multiplayer.java

 [ Internet ] - src/pack/Internet.java

 [ Connection ] - src/pack/Connection.java

 feat: null

 feat: null

 feat: null

 [ Connection ] - src/pack/Connection.java

 [ Internet ] - src/pack/Internet.java

 [ Connection ] - src/pack/Connection.java

 [ Multiplayer ] - src/pack/Multiplayer.java

 [ Internet ] - src/pack/Internet.java

 [ Multiplayer ] - src/pack/Multiplayer.java

 [ Game ] - src/pack/Game.java

 [ Bluetooth ] - src/pack/Bluetooth.java

 [ Startup ] - src/pack/Startup.java

 [ Startup ] - src/pack/Startup.java

 [ Multiplayer ] - src/pack/Multiplayer.java

 [ Internet ] - src/pack/Internet.java

 [ Connection ] - src/pack/Connection.java

 feat: null

 feat: null

 feat: null

 feat: null

 [ Connection ] - src/pack/Connection.java

 [ Connection ] - src/pack/Connection.java

 [ Internet ] - src/pack/Internet.java

 [ Connection ] - src/pack/Connection.java

 [ Multiplayer ] - src/pack/Multiplayer.java

 [ Internet ] - src/pack/Internet.java

 [ Game ] - src/pack/Game.java

 [ Startup ] - src/pack/Startup.java

 [ Multiplayer ] - src/pack/Multiplayer.java

 [ Multiplayer ] - src/pack/Multiplayer.java

 feat: null

 feat: null

 feat: null

 feat: null

 [ Connection ] - src/pack/Connection.java

 [ Connection ] - src/pack/Connection.java

 [ Multiplayer ] - src/pack/Multiplayer.java

 [ Internet ] - src/pack/Internet.java

 [ Game ] - src/pack/Game.java

 [ Startup ] - src/pack/Startup.java

 feat: null

 feat: null

 [ Connection ] - src/pack/Connection.java

 [ Multiplayer ] - src/pack/Multiplayer.java

 [ Internet ] - src/pack/Internet.java

 [ Multiplayer ] - src/pack/Multiplayer.java

 [ Game ] - src/pack/Game.java

 [ Startup ] - src/pack/Startup.java

 [ Startup ] - src/pack/Startup.java

 [ Internet ] - src/pack/Internet.java

 [ Connection ] - src/pack/Connection.java

 feat: null

 feat: null

 [ Connection ] - src/pack/Connection.java

 [ Internet ] - src/pack/Internet.java

 [ Connection ] - src/pack/Connection.java

 [ Multiplayer ] - src/pack/Multiplayer.java

 [ Internet ] - src/pack/Internet.java

 [ Multiplayer ] - src/pack/Multiplayer.java

 [ Game ] - src/pack/Game.java

 [ Startup ] - src/pack/Startup.java

 [ Startup ] - src/pack/Startup.java

 [ Multiplayer ] - src/pack/Multiplayer.java

 [ Internet ] - src/pack/Internet.java

 [ Connection ] - src/pack/Connection.java

 feat: null

 feat: null

 feat: null

 [ Connection ] - src/pack/Connection.java

 [ Multiplayer ] - src/pack/Multiplayer.java

 [ Internet ] - src/pack/Internet.java

 [ Multiplayer ] - src/pack/Multiplayer.java

 [ Game ] - src/pack/Game.java

 [ Bluetooth ] - src/pack/Bluetooth.java

 [ Startup ] - src/pack/Startup.java

 [ Startup ] - src/pack/Startup.java

 [ Multiplayer ] - src/pack/Multiplayer.java

 [ Internet ] - src/pack/Internet.java

 [ Connection ] - src/pack/Connection.java

 feat: null

 feat: null

 feat: null

 feat: null

 [ Connection ] - src/pack/Connection.java

 [ Connection ] - src/pack/Connection.java

 [ Internet ] - src/pack/Internet.java

 [ Connection ] - src/pack/Connection.java

 [ Multiplayer ] - src/pack/Multiplayer.java

 [ Internet ] - src/pack/Internet.java

 [ Game ] - src/pack/Game.java

 [ Bluetooth ] - src/pack/Bluetooth.java

 [ Startup ] - src/pack/Startup.java

 [ Multiplayer ] - src/pack/Multiplayer.java

 feat: null

 feat: null

 feat: null

 feat: null

 [ Connection ] - src/pack/Connection.java

 [ Multiplayer ] - src/pack/Multiplayer.java

 [ Internet ] - src/pack/Internet.java

 [ Game ] - src/pack/Game.java

 [ Bluetooth ] - src/pack/Bluetooth.java

 [ Startup ] - src/pack/Startup.java

 feat: null

 feat: null

 [ Connection ] - src/pack/Connection.java

 [ Internet ] - src/pack/Internet.java

 [ Connection ] - src/pack/Connection.java

 [ Multiplayer ] - src/pack/Multiplayer.java

 [ Internet ] - src/pack/Internet.java

 [ Game ] - src/pack/Game.java

 [ Bluetooth ] - src/pack/Bluetooth.java

 [ Startup ] - src/pack/Startup.java

 [ Multiplayer ] - src/pack/Multiplayer.java

 feat: null

 feat: null

 feat: null

 [ Connection ] - src/pack/Connection.java

 [ Multiplayer ] - src/pack/Multiplayer.java

 [ Internet ] - src/pack/Internet.java

 [ Game ] - src/pack/Game.java

 [ Bluetooth ] - src/pack/Bluetooth.java

 [ Startup ] - src/pack/Startup.java

 [ Multiplayer ] - src/pack/Multiplayer.java

 feat: null

 feat: null

 feat: null
Pseudo Product: [ fake0.9075107195554222 ]

Directory: /home/jefferson/workspace/ferramentaLPSSM/Products/Product0/source/src

Directory: /home/jefferson/workspace/ferramentaLPSSM/Products/Product0/source/src/pack

File: /home/jefferson/workspace/ferramentaLPSSM/Products/Product0/source/src/pack/Startup.java

File: /home/jefferson/workspace/ferramentaLPSSM/Products/Product0/source/src/pack/Internet.java

File: /home/jefferson/workspace/ferramentaLPSSM/Products/Product0/source/src/pack/Multiplayer.java

File: /home/jefferson/workspace/ferramentaLPSSM/Products/Product0/source/src/pack/Connection.java

File: /home/jefferson/workspace/ferramentaLPSSM/Products/Product0/source/src/pack/Game.java
@Features Preprocess Velocity :

feature:fake0.9075107195554222
File: /home/jefferson/workspace/ferramentaLPSSM/Products/Product0/source/src/pack/Startup.java
File: /home/jefferson/workspace/ferramentaLPSSM/Products/Product0/source/src/pack/Internet.java
File: /home/jefferson/workspace/ferramentaLPSSM/Products/Product0/source/src/pack/Multiplayer.java
File: /home/jefferson/workspace/ferramentaLPSSM/Products/Product0/source/src/pack/Connection.java
File: /home/jefferson/workspace/ferramentaLPSSM/Products/Product0/source/src/pack/Game.java
FileConstants: /home/jefferson/workspace/ferramentaLPSSM/ant/constants.properties
filesToPreprocessArgument: /home/jefferson/workspace/ferramentaLPSSM/ant/files.properties

velocity:
     [java] /home/jefferson/workspace/ferramentaLPSSM/Products/Product0/source/src/pack
     [java] Apr 8, 2013 5:57:29 PM org.apache.velocity.runtime.log.JdkLogChute log
     [java] INFO: FileResourceLoader : adding path '/home/jefferson/workspace/ferramentaLPSSM/Products/Product0/source/src/pack'
     [java] /home/jefferson/workspace/ferramentaLPSSM/Products/Product0/source/src/pack
     [java] Apr 8, 2013 5:57:29 PM org.apache.velocity.runtime.log.JdkLogChute log
     [java] INFO: FileResourceLoader : adding path '/home/jefferson/workspace/ferramentaLPSSM/Products/Product0/source/src/pack'
     [java] /home/jefferson/workspace/ferramentaLPSSM/Products/Product0/source/src/pack
     [java] Apr 8, 2013 5:57:29 PM org.apache.velocity.runtime.log.JdkLogChute log
     [java] INFO: FileResourceLoader : adding path '/home/jefferson/workspace/ferramentaLPSSM/Products/Product0/source/src/pack'
     [java] /home/jefferson/workspace/ferramentaLPSSM/Products/Product0/source/src/pack
     [java] Apr 8, 2013 5:57:29 PM org.apache.velocity.runtime.log.JdkLogChute log
     [java] INFO: FileResourceLoader : adding path '/home/jefferson/workspace/ferramentaLPSSM/Products/Product0/source/src/pack'
     [java] /home/jefferson/workspace/ferramentaLPSSM/Products/Product0/source/src/pack
     [java] Apr 8, 2013 5:57:29 PM org.apache.velocity.runtime.log.JdkLogChute log
     [java] INFO: FileResourceLoader : adding path '/home/jefferson/workspace/ferramentaLPSSM/Products/Product0/source/src/pack'

Directory: /home/jefferson/workspace/ferramentaLPSSM/Products/Product0/target/src

Directory: /home/jefferson/workspace/ferramentaLPSSM/Products/Product0/target/src/pack

File: /home/jefferson/workspace/ferramentaLPSSM/Products/Product0/target/src/pack/Startup.java

File: /home/jefferson/workspace/ferramentaLPSSM/Products/Product0/target/src/pack/Internet.java

File: /home/jefferson/workspace/ferramentaLPSSM/Products/Product0/target/src/pack/Multiplayer.java

File: /home/jefferson/workspace/ferramentaLPSSM/Products/Product0/target/src/pack/Connection.java

File: /home/jefferson/workspace/ferramentaLPSSM/Products/Product0/target/src/pack/Game.java
@Features Preprocess Velocity :

feature:fake0.9075107195554222
File: /home/jefferson/workspace/ferramentaLPSSM/Products/Product0/target/src/pack/Startup.java
File: /home/jefferson/workspace/ferramentaLPSSM/Products/Product0/target/src/pack/Internet.java
File: /home/jefferson/workspace/ferramentaLPSSM/Products/Product0/target/src/pack/Multiplayer.java
File: /home/jefferson/workspace/ferramentaLPSSM/Products/Product0/target/src/pack/Connection.java
File: /home/jefferson/workspace/ferramentaLPSSM/Products/Product0/target/src/pack/Game.java
FileConstants: /home/jefferson/workspace/ferramentaLPSSM/ant/constants.properties
filesToPreprocessArgument: /home/jefferson/workspace/ferramentaLPSSM/ant/files.properties

velocity:
     [java] /home/jefferson/workspace/ferramentaLPSSM/Products/Product0/target/src/pack
     [java] Apr 8, 2013 5:57:29 PM org.apache.velocity.runtime.log.JdkLogChute log
     [java] INFO: FileResourceLoader : adding path '/home/jefferson/workspace/ferramentaLPSSM/Products/Product0/target/src/pack'
     [java] /home/jefferson/workspace/ferramentaLPSSM/Products/Product0/target/src/pack
     [java] Apr 8, 2013 5:57:29 PM org.apache.velocity.runtime.log.JdkLogChute log
     [java] INFO: FileResourceLoader : adding path '/home/jefferson/workspace/ferramentaLPSSM/Products/Product0/target/src/pack'
     [java] /home/jefferson/workspace/ferramentaLPSSM/Products/Product0/target/src/pack
     [java] Apr 8, 2013 5:57:29 PM org.apache.velocity.runtime.log.JdkLogChute log
     [java] INFO: FileResourceLoader : adding path '/home/jefferson/workspace/ferramentaLPSSM/Products/Product0/target/src/pack'
     [java] /home/jefferson/workspace/ferramentaLPSSM/Products/Product0/target/src/pack
     [java] Apr 8, 2013 5:57:29 PM org.apache.velocity.runtime.log.JdkLogChute log
     [java] INFO: FileResourceLoader : adding path '/home/jefferson/workspace/ferramentaLPSSM/Products/Product0/target/src/pack'
     [java] /home/jefferson/workspace/ferramentaLPSSM/Products/Product0/target/src/pack
     [java] Apr 8, 2013 5:57:29 PM org.apache.velocity.runtime.log.JdkLogChute log
     [java] INFO: FileResourceLoader : adding path '/home/jefferson/workspace/ferramentaLPSSM/Products/Product0/target/src/pack'

Classes que receberao testes JUNIT: pack.Game|pack.Startup

clean:
     [echo]  This task is responsible to clean all tests. 

compile_target_ind:
     [echo]  TARGET Compile IND 
     [echo] The AspectJ compiler can be used like Javac to compile Java sources, but it can also compile AspectJ sources or weave binary aspects with Java bytecode.

compile_source:
     [echo]  SOURCE Compile 
     [echo] The AspectJ compiler can be used like Javac to compile Java sources, but it can also compile AspectJ sources or weave binary aspects with Java bytecode.
ProjectInfo
classe: pack.Game
classe: pack.Startup
Safe Refactor!


ANT BUILD DIRECTORY: /build.xml

 You can find ant build logs in: < /tmp/safeRefactorAJ/log.txt >

  [taskdef] Could not load definitions from resource tasks.properties. It could not be found.

init:

clean:

analyze_target:
     [echo] 
     [echo] 			            Analyzing target methods
     [echo] 			        
     [java] Classes that throw exception and will be not included in the tests: 
     [java] Removing methods containing unsupported classses parameter

generate_tests:
     [echo] 
     [echo] 	            Generating tests
     [echo] 	        
     [java] ProjectInfo
     [java] classe: pack.Game
     [java] classe: pack.Startup
     [java] cons : pack.Startup.<init>()
     [java] cons : pack.Internet.<init>()
     [java] cons : pack.Multiplayer.<init>()
     [java] cons : pack.Connection.<init>()
     [java] cons : pack.Game.<init>()
     [java] cons : pack.Game.<init>()
     [java] cons : pack.Startup.<init>()
     [java] cons : pack.Startup.<init>()
     [java] cons : pack.Internet.<init>()
     [java] cons : pack.Multiplayer.<init>()
     [java] cons : pack.Connection.<init>()
     [java] cons : pack.Game.<init>()
     [java] method : pack.Game.main([Ljava.lang.String;) : pack.Game
     [java] method : pack.Game.getInternetLimit(int) : pack.Game
     [java] 
     [java] policy = sun.security.provider.PolicyFile@522a4983
     [java] PUBLIC MEMBERS=7
     [java] Explorer = randoop.ForwardGenerator@5289cf1e
     [java] Começo!!
     [java] 
     [java] Progress update: test inputs generated=0, failing inputs=0      (Mon Apr 08 17:57:31 BRT 2013)FIM!!!
     [java] 
     [java] Progress update: test inputs generated=32, failing inputs=0      (Mon Apr 08 17:57:31 BRT 2013)
     [java] Normal method executions:240
     [java] Exceptional method executions:0
     [java] 
     [java] Average method execution time (normal termination):     0.129
     [java] Average method execution time (exceptional termination):NaN
     [java] 
     [java] Creating Junit tests (32 tests)...Writing 32 junit tests
     [java] 
     [java] Created file: /tmp/safeRefactorAJ/tests/RandoopTest0.java
     [java] Created file: /tmp/safeRefactorAJ/tests/RandoopTest.java

compile_tests:
     [echo] Compiling the tests
    [javac] Compiling 2 source files to /tmp/safeRefactorAJ/tests/bin

run_tests:
     [echo] Running JUnit to test the "source"
    [junit] Running RandoopTest0
    [junit] Tests run: 32, Failures: 0, Errors: 0, Time elapsed: 0.049 sec
     [echo] Running JUnit to test the "target"
    [junit] Running RandoopTest0
    [junit] Tests run: 32, Failures: 0, Errors: 0, Time elapsed: 0.05 sec
     [echo] Running JUnit to test the "source" again
    [junit] Running RandoopTest0
    [junit] Tests run: 32, Failures: 0, Errors: 0, Time elapsed: 4.913 sec
 Print Report :
Testes generated: 32
Failures on source: 0
Errors on source: 0
Failures on target: 0
Errors on target: 0
Refactoring? true


coverage:
    [mkdir] Created dir: /home/jefferson/workspace/ferramentaLPSSM/Products/Product0/source/outinstr
    [mkdir] Created dir: /home/jefferson/workspace/ferramentaLPSSM/Products/Product0/source/instr
processing instrumentation path ...
instrumentation path processed in 46 ms
[5 class(es) instrumented, 0 resource(s) copied]
metadata merged into [/home/jefferson/workspace/ferramentaLPSSM/Products/Product0/source/instr/metadata_source.emma] {in 67 ms}
    [junit] Running RandoopTest0
    [junit] Tests run: 32, Failures: 0, Errors: 0, Time elapsed: 0.075 sec
processing input files ...
1 file(s) read and merged in 2 ms
writing [xml] report to [/home/jefferson/workspace/ferramentaLPSSM/Products/Product0/source/report.xml] ...
writing [html] report to [/home/jefferson/workspace/ferramentaLPSSM/Products/Product0/source/report.html] ...
SafeRefactor found NO behavioral changes
Asset mapping checked in: 9 segundos. Same Behavior: true

	 SPL REPORT: 

-> Source Product Line is Well Formed:?  true
-> Target Product Line is Well Formed:?  true
-> Asset Mappings are Equals :?false
-> Are Configuration Knowledge and Feature Model a refinement:?  true
-> The evolution has a compatible observable behavior:?  true
-> My Whole Software Product Line is Well Formed:?  true
-> My Whole Software Product Line is a Refinement:?  true




(SWT:989): GLib-GIO-WARNING **: Missing callback called fullpath = /home/jefferson/.config/ibus/bus/aa18265542c9d8b91302ad350000000c-unix-0

